2022-04-04 06:13:31:648 [Appium] Welcome to Appium v1.22.3
2022-04-04 06:13:31:651 [Appium] Non-default server args:
2022-04-04 06:13:31:652 [Appium]   address: 127.0.0.1
2022-04-04 06:13:31:652 [Appium]   port: 7777
2022-04-04 06:13:31:653 [Appium]   logFile: C:\Users\User\IdeaProjects\TeachMintAppium\.\ServerLogs\appiumTeacher.log
2022-04-04 06:13:31:733 [Appium] Appium REST http interface listener started on 127.0.0.1:7777
2022-04-04 06:13:32:526 [HTTP] --> GET /wd/hub/status
2022-04-04 06:13:32:528 [HTTP] {}
2022-04-04 06:13:32:532 [GENERIC] Calling AppiumDriver.getStatus() with args: []
2022-04-04 06:13:32:534 [GENERIC] Responding to client with driver.getStatus() result: {"build":{"version":"1.22.3"}}
2022-04-04 06:13:32:548 [HTTP] <-- GET /wd/hub/status 200 19 ms - 68
2022-04-04 06:13:32:549 [HTTP] 
2022-04-04 06:13:32:673 [HTTP] --> POST /wd/hub/session
2022-04-04 06:13:32:674 [HTTP] {"desiredCapabilities":{"appActivity":"com.teachmint.teachmint.MainActivity","appPackage":"com.teachmint.teachmint","noReset":true,"automationName":"uiautomator2","autoGrantPermissions":true,"platformName":"android","platform":"ANDROID"},"capabilities":{"firstMatch":[{"appium:appActivity":"com.teachmint.teachmint.MainActivity","appium:appPackage":"com.teachmint.teachmint","appium:autoGrantPermissions":true,"appium:automationName":"uiautomator2","appium:noReset":true,"platform":"ANDROID","platformName":"android"}]}}
2022-04-04 06:13:32:675 [W3C] Calling AppiumDriver.createSession() with args: [{"appActivity":"com.teachmint.teachmint.MainActivity","appPackage":"com.teachmint.teachmint","noReset":true,"automationName":"uiautomator2","autoGrantPermissions":true,"platformName":"android","platform":"ANDROID"},null,{"firstMatch":[{"appium:appActivity":"com.teachmint.teachmint.MainActivity","appium:appPackage":"com.teachmint.teachmint","appium:autoGrantPermissions":true,"appium:automationName":"uiautomator2","appium:noReset":true,"platform":"ANDROID","platformName":"android"}]}]
2022-04-04 06:13:32:684 [BaseDriver] Event 'newSessionRequested' logged at 1649052812676 (11:43:32 GMT+0530 (India Standard Time))
2022-04-04 06:13:32:690 [BaseDriver] The following capabilities are not standard capabilities and should have an extension prefix:
2022-04-04 06:13:32:691 [BaseDriver]   platform
2022-04-04 06:13:33:398 [Appium] Appium v1.22.3 creating new AndroidUiautomator2Driver (v1.70.1) session
2022-04-04 06:13:33:403 [BaseDriver] W3C capabilities and MJSONWP desired capabilities were provided
2022-04-04 06:13:33:404 [BaseDriver] Creating session with W3C capabilities: {
2022-04-04 06:13:33:404 [BaseDriver]   "alwaysMatch": {
2022-04-04 06:13:33:404 [BaseDriver]     "appium:platform": "ANDROID",
2022-04-04 06:13:33:404 [BaseDriver]     "platformName": "android",
2022-04-04 06:13:33:404 [BaseDriver]     "appium:appActivity": "com.teachmint.teachmint.MainActivity",
2022-04-04 06:13:33:404 [BaseDriver]     "appium:appPackage": "com.teachmint.teachmint",
2022-04-04 06:13:33:405 [BaseDriver]     "appium:autoGrantPermissions": true,
2022-04-04 06:13:33:405 [BaseDriver]     "appium:automationName": "uiautomator2",
2022-04-04 06:13:33:405 [BaseDriver]     "appium:noReset": true
2022-04-04 06:13:33:405 [BaseDriver]   },
2022-04-04 06:13:33:405 [BaseDriver]   "firstMatch": [
2022-04-04 06:13:33:406 [BaseDriver]     {}
2022-04-04 06:13:33:406 [BaseDriver]   ]
2022-04-04 06:13:33:406 [BaseDriver] }
2022-04-04 06:13:33:420 [BaseDriver] The following capabilities were provided, but are not recognized by Appium:
2022-04-04 06:13:33:420 [BaseDriver]   platform
2022-04-04 06:13:33:425 [BaseDriver] Session created with session id: 70c5f83b-d228-4af8-a5e6-f81718e75fe8
2022-04-04 06:13:33:425 [UiAutomator2] Starting 'com.teachmint.teachmint' directly on the device
2022-04-04 06:13:33:533 [ADB] Found 3 'build-tools' folders under 'C:\Users\User\AppData\Local\Android\Sdk' (newest first):
2022-04-04 06:13:33:534 [ADB]     C:/Users/User/AppData/Local/Android/Sdk/build-tools/32.1.0-rc1
2022-04-04 06:13:33:534 [ADB]     C:/Users/User/AppData/Local/Android/Sdk/build-tools/32.0.0
2022-04-04 06:13:33:535 [ADB]     C:/Users/User/AppData/Local/Android/Sdk/build-tools/30.0.3
2022-04-04 06:13:33:536 [ADB] Using 'adb.exe' from 'C:\Users\User\AppData\Local\Android\Sdk\platform-tools\adb.exe'
2022-04-04 06:13:33:539 [ADB] Running 'C:\Users\User\AppData\Local\Android\Sdk\platform-tools\adb.exe -P 5037 start-server'
2022-04-04 06:13:33:673 [AndroidDriver] Retrieving device list
2022-04-04 06:13:33:674 [ADB] Trying to find a connected android device
2022-04-04 06:13:33:675 [ADB] Getting connected devices
2022-04-04 06:13:33:728 [ADB] Connected devices: [{"udid":"emulator-5554","state":"device"}]
2022-04-04 06:13:33:729 [AndroidDriver] Using device: emulator-5554
2022-04-04 06:13:33:732 [ADB] Using 'adb.exe' from 'C:\Users\User\AppData\Local\Android\Sdk\platform-tools\adb.exe'
2022-04-04 06:13:33:732 [ADB] Running 'C:\Users\User\AppData\Local\Android\Sdk\platform-tools\adb.exe -P 5037 start-server'
2022-04-04 06:13:33:782 [ADB] Setting device id to emulator-5554
2022-04-04 06:13:33:783 [ADB] Running 'C:\Users\User\AppData\Local\Android\Sdk\platform-tools\adb.exe -P 5037 -s emulator-5554 shell getprop ro.build.version.sdk'
2022-04-04 06:13:33:966 [ADB] Current device property 'ro.build.version.sdk': 31
2022-04-04 06:13:33:966 [ADB] Getting device platform version
2022-04-04 06:13:33:967 [ADB] Running 'C:\Users\User\AppData\Local\Android\Sdk\platform-tools\adb.exe -P 5037 -s emulator-5554 shell getprop ro.build.version.release'
2022-04-04 06:13:34:094 [ADB] Current device property 'ro.build.version.release': 12
2022-04-04 06:13:34:094 [ADB] Device API level: 31
2022-04-04 06:13:34:094 [UiAutomator2] Relaxing hidden api policy
2022-04-04 06:13:34:095 [ADB] Running 'C:\Users\User\AppData\Local\Android\Sdk\platform-tools\adb.exe -P 5037 -s emulator-5554 shell 'settings put global hidden_api_policy_pre_p_apps 1;settings put global hidden_api_policy_p_apps 1;settings put global hidden_api_policy 1''
2022-04-04 06:13:34:497 [AndroidDriver] No app sent in, not parsing package/activity
2022-04-04 06:13:34:499 [ADB] Running 'C:\Users\User\AppData\Local\Android\Sdk\platform-tools\adb.exe -P 5037 -s emulator-5554 wait-for-device'
2022-04-04 06:13:34:576 [ADB] Running 'C:\Users\User\AppData\Local\Android\Sdk\platform-tools\adb.exe -P 5037 -s emulator-5554 shell echo ping'
2022-04-04 06:13:34:690 [AndroidDriver] Pushing settings apk to device...
2022-04-04 06:13:34:693 [ADB] Getting install status for io.appium.settings
2022-04-04 06:13:34:694 [ADB] Running 'C:\Users\User\AppData\Local\Android\Sdk\platform-tools\adb.exe -P 5037 -s emulator-5554 shell dumpsys package io.appium.settings'
2022-04-04 06:13:36:660 [ADB] 'io.appium.settings' is installed
2022-04-04 06:13:36:661 [ADB] Getting package info for 'io.appium.settings'
2022-04-04 06:13:36:662 [ADB] Running 'C:\Users\User\AppData\Local\Android\Sdk\platform-tools\adb.exe -P 5037 -s emulator-5554 shell dumpsys package io.appium.settings'
2022-04-04 06:13:36:928 [ADB] The version name of the installed 'io.appium.settings' is greater or equal to the application version name ('3.4.0' >= '3.4.0')
2022-04-04 06:13:36:929 [ADB] There is no need to install/upgrade 'C:\Users\User\AppData\Roaming\npm\node_modules\appium\node_modules\io.appium.settings\apks\settings_apk-debug.apk'
2022-04-04 06:13:36:934 [ADB] Getting IDs of all 'io.appium.settings' processes
2022-04-04 06:13:36:936 [ADB] Running 'C:\Users\User\AppData\Local\Android\Sdk\platform-tools\adb.exe -P 5037 -s emulator-5554 shell 'pgrep --help; echo $?''
2022-04-04 06:13:37:335 [ADB] Running 'C:\Users\User\AppData\Local\Android\Sdk\platform-tools\adb.exe -P 5037 -s emulator-5554 shell pgrep -f \(\[\[:blank:\]\]\|\^\)io\.appium\.settings\(\[\[:blank:\]\]\|\$\)'
2022-04-04 06:13:40:596 [AndroidDriver] io.appium.settings is already running. There is no need to reset its permissions.
2022-04-04 06:13:40:600 [Logcat] Starting logs capture with command: C:\\Users\\User\\AppData\\Local\\Android\\Sdk\\platform-tools\\adb.exe -P 5037 -s emulator-5554 logcat -v threadtime
2022-04-04 06:13:41:000 [UiAutomator2] Forwarding UiAutomator2 Server port 6790 to local port 8204
2022-04-04 06:13:41:003 [ADB] Forwarding system: 8204 to device: 6790
2022-04-04 06:13:41:004 [ADB] Running 'C:\Users\User\AppData\Local\Android\Sdk\platform-tools\adb.exe -P 5037 -s emulator-5554 forward tcp:8204 tcp:6790'
2022-04-04 06:13:41:799 [ADB] Getting install status for io.appium.uiautomator2.server
2022-04-04 06:13:41:800 [ADB] Running 'C:\Users\User\AppData\Local\Android\Sdk\platform-tools\adb.exe -P 5037 -s emulator-5554 shell dumpsys package io.appium.uiautomator2.server'
2022-04-04 06:13:42:084 [ADB] 'io.appium.uiautomator2.server' is installed
2022-04-04 06:13:42:084 [ADB] Getting package info for 'io.appium.uiautomator2.server'
2022-04-04 06:13:42:085 [ADB] Running 'C:\Users\User\AppData\Local\Android\Sdk\platform-tools\adb.exe -P 5037 -s emulator-5554 shell dumpsys package io.appium.uiautomator2.server'
2022-04-04 06:13:43:070 [ADB] The version name of the installed 'io.appium.uiautomator2.server' is greater or equal to the application version name ('4.27.0' >= '4.27.0')
2022-04-04 06:13:43:071 [UiAutomator2] io.appium.uiautomator2.server installation state: sameVersionInstalled
2022-04-04 06:13:43:073 [ADB] Checking app cert for C:\Users\User\AppData\Roaming\npm\node_modules\appium\node_modules\appium-uiautomator2-server\apks\appium-uiautomator2-server-v4.27.0.apk
2022-04-04 06:13:43:147 [ADB] Using 'apksigner.jar' from 'C:\Users\User\AppData\Local\Android\Sdk\build-tools\32.1.0-rc1\lib\apksigner.jar'
2022-04-04 06:13:43:149 [ADB] Starting apksigner: 'C:\\Program Files\\Java\\jdk1.8.0_202\\bin\\java.exe' -Xmx1024M -Xss1m -jar C:\\Users\\User\\AppData\\Local\\Android\\Sdk\\build-tools\\32.1.0-rc1\\lib\\apksigner.jar verify --print-certs C:\\Users\\User\\AppData\\Roaming\\npm\\node_modules\\appium\\node_modules\\appium-uiautomator2-server\\apks\\appium-uiautomator2-server-v4.27.0.apk
2022-04-04 06:13:46:010 [ADB] apksigner stdout: Signer #1 certificate DN: EMAILADDRESS=android@android.com, CN=Android, OU=Android, O=Android, L=Mountain View, ST=California, C=US
2022-04-04 06:13:46:010 [ADB] Signer #1 certificate SHA-256 digest: a40da80a59d170caa950cf15c18c454d47a39b26989d8b640ecd745ba71bf5dc
2022-04-04 06:13:46:010 [ADB] Signer #1 certificate SHA-1 digest: 61ed377e85d386a8dfee6b864bd85b0bfaa5af81
2022-04-04 06:13:46:010 [ADB] Signer #1 certificate MD5 digest: e89b158e4bcf988ebd09eb83f5378e87
2022-04-04 06:13:46:010 [ADB] 
2022-04-04 06:13:46:011 [ADB] sha256 hash did match for 'appium-uiautomator2-server-v4.27.0.apk'
2022-04-04 06:13:46:011 [ADB] 'C:\Users\User\AppData\Roaming\npm\node_modules\appium\node_modules\appium-uiautomator2-server\apks\appium-uiautomator2-server-v4.27.0.apk' is signed with the default certificate
2022-04-04 06:13:46:012 [ADB] Getting install status for io.appium.uiautomator2.server.test
2022-04-04 06:13:46:012 [ADB] Running 'C:\Users\User\AppData\Local\Android\Sdk\platform-tools\adb.exe -P 5037 -s emulator-5554 shell dumpsys package io.appium.uiautomator2.server.test'
2022-04-04 06:13:46:219 [ADB] 'io.appium.uiautomator2.server.test' is installed
2022-04-04 06:13:46:219 [ADB] Checking app cert for C:\Users\User\AppData\Roaming\npm\node_modules\appium\node_modules\appium-uiautomator2-server\apks\appium-uiautomator2-server-debug-androidTest.apk
2022-04-04 06:13:46:229 [ADB] Starting apksigner: 'C:\\Program Files\\Java\\jdk1.8.0_202\\bin\\java.exe' -Xmx1024M -Xss1m -jar C:\\Users\\User\\AppData\\Local\\Android\\Sdk\\build-tools\\32.1.0-rc1\\lib\\apksigner.jar verify --print-certs C:\\Users\\User\\AppData\\Roaming\\npm\\node_modules\\appium\\node_modules\\appium-uiautomator2-server\\apks\\appium-uiautomator2-server-debug-androidTest.apk
2022-04-04 06:13:47:239 [ADB] apksigner stdout: Signer #1 certificate DN: EMAILADDRESS=android@android.com, CN=Android, OU=Android, O=Android, L=Mountain View, ST=California, C=US
2022-04-04 06:13:47:240 [ADB] Signer #1 certificate SHA-256 digest: a40da80a59d170caa950cf15c18c454d47a39b26989d8b640ecd745ba71bf5dc
2022-04-04 06:13:47:240 [ADB] Signer #1 certificate SHA-1 digest: 61ed377e85d386a8dfee6b864bd85b0bfaa5af81
2022-04-04 06:13:47:241 [ADB] Signer #1 certificate MD5 digest: e89b158e4bcf988ebd09eb83f5378e87
2022-04-04 06:13:47:241 [ADB] 
2022-04-04 06:13:47:241 [ADB] sha256 hash did match for 'appium-uiautomator2-server-debug-androidTest.apk'
2022-04-04 06:13:47:241 [ADB] 'C:\Users\User\AppData\Roaming\npm\node_modules\appium\node_modules\appium-uiautomator2-server\apks\appium-uiautomator2-server-debug-androidTest.apk' is signed with the default certificate
2022-04-04 06:13:47:242 [UiAutomator2] Server packages are not going to be (re)installed
2022-04-04 06:13:47:249 [UiAutomator2] Waiting up to 30000ms for services to be available
2022-04-04 06:13:47:250 [ADB] Running 'C:\Users\User\AppData\Local\Android\Sdk\platform-tools\adb.exe -P 5037 -s emulator-5554 shell pm list instrumentation'
2022-04-04 06:13:47:473 [UiAutomator2] Instrumentation target 'io.appium.uiautomator2.server.test/androidx.test.runner.AndroidJUnitRunner' is available
2022-04-04 06:13:47:480 [ADB] Adding packages ["io.appium.settings","io.appium.uiautomator2.server","io.appium.uiautomator2.server.test"] to Doze whitelist
2022-04-04 06:13:47:482 [ADB] Got the following command chunks to execute: [["dumpsys","deviceidle","whitelist","+io.appium.settings",";","dumpsys","deviceidle","whitelist","+io.appium.uiautomator2.server",";","dumpsys","deviceidle","whitelist","+io.appium.uiautomator2.server.test",";"]]
2022-04-04 06:13:47:482 [ADB] Running 'C:\Users\User\AppData\Local\Android\Sdk\platform-tools\adb.exe -P 5037 -s emulator-5554 shell dumpsys deviceidle whitelist +io.appium.settings ; dumpsys deviceidle whitelist +io.appium.uiautomator2.server ; dumpsys deviceidle whitelist +io.appium.uiautomator2.server.test ;'
2022-04-04 06:13:47:772 [UiAutomator2] No app capability. Assuming it is already on the device
2022-04-04 06:13:47:774 [UiAutomator2] Performing shallow cleanup of automation leftovers
2022-04-04 06:13:47:991 [UiAutomator2] The following obsolete sessions are still running: ["c9dcb1d0-c336-4bbc-b1ac-2e0677753654"]
2022-04-04 06:13:47:996 [UiAutomator2] Cleaning up 1 obsolete session
2022-04-04 06:13:49:186 [ADB] Running 'C:\Users\User\AppData\Local\Android\Sdk\platform-tools\adb.exe -P 5037 -s emulator-5554 shell am force-stop io.appium.uiautomator2.server.test'
2022-04-04 06:13:49:539 [UiAutomator2] Starting UIAutomator2 server 4.27.0
2022-04-04 06:13:49:540 [UiAutomator2] Using UIAutomator2 server from 'C:\Users\User\AppData\Roaming\npm\node_modules\appium\node_modules\appium-uiautomator2-server\apks\appium-uiautomator2-server-v4.27.0.apk' and test from 'C:\Users\User\AppData\Roaming\npm\node_modules\appium\node_modules\appium-uiautomator2-server\apks\appium-uiautomator2-server-debug-androidTest.apk'
2022-04-04 06:13:49:540 [UiAutomator2] Waiting up to 30000ms for UiAutomator2 to be online...
2022-04-04 06:13:49:541 [ADB] Creating ADB subprocess with args: ["-P",5037,"-s","emulator-5554","shell","am","instrument","-w","-e","disableAnalytics",true,"io.appium.uiautomator2.server.test/androidx.test.runner.AndroidJUnitRunner"]
2022-04-04 06:13:49:558 [WD Proxy] Matched '/status' to command name 'getStatus'
2022-04-04 06:13:49:562 [WD Proxy] Proxying [GET /status] to [GET http://127.0.0.1:8204/wd/hub/status] with no body
2022-04-04 06:13:49:630 [WD Proxy] socket hang up
2022-04-04 06:13:50:638 [WD Proxy] Matched '/status' to command name 'getStatus'
2022-04-04 06:13:50:640 [WD Proxy] Proxying [GET /status] to [GET http://127.0.0.1:8204/wd/hub/status] with no body
2022-04-04 06:13:50:659 [WD Proxy] socket hang up
2022-04-04 06:13:51:675 [WD Proxy] Matched '/status' to command name 'getStatus'
2022-04-04 06:13:51:676 [WD Proxy] Proxying [GET /status] to [GET http://127.0.0.1:8204/wd/hub/status] with no body
2022-04-04 06:13:51:691 [WD Proxy] socket hang up
2022-04-04 06:13:52:695 [WD Proxy] Matched '/status' to command name 'getStatus'
2022-04-04 06:13:52:696 [WD Proxy] Proxying [GET /status] to [GET http://127.0.0.1:8204/wd/hub/status] with no body
2022-04-04 06:13:52:717 [WD Proxy] socket hang up
2022-04-04 06:13:53:732 [WD Proxy] Matched '/status' to command name 'getStatus'
2022-04-04 06:13:53:733 [WD Proxy] Proxying [GET /status] to [GET http://127.0.0.1:8204/wd/hub/status] with no body
2022-04-04 06:13:53:747 [WD Proxy] socket hang up
2022-04-04 06:13:54:763 [WD Proxy] Matched '/status' to command name 'getStatus'
2022-04-04 06:13:54:763 [WD Proxy] Proxying [GET /status] to [GET http://127.0.0.1:8204/wd/hub/status] with no body
2022-04-04 06:13:54:783 [WD Proxy] socket hang up
2022-04-04 06:13:55:800 [WD Proxy] Matched '/status' to command name 'getStatus'
2022-04-04 06:13:55:800 [WD Proxy] Proxying [GET /status] to [GET http://127.0.0.1:8204/wd/hub/status] with no body
2022-04-04 06:13:55:815 [WD Proxy] socket hang up
2022-04-04 06:13:56:823 [WD Proxy] Matched '/status' to command name 'getStatus'
2022-04-04 06:13:56:823 [WD Proxy] Proxying [GET /status] to [GET http://127.0.0.1:8204/wd/hub/status] with no body
2022-04-04 06:13:56:838 [WD Proxy] socket hang up
2022-04-04 06:13:57:854 [WD Proxy] Matched '/status' to command name 'getStatus'
2022-04-04 06:13:57:855 [WD Proxy] Proxying [GET /status] to [GET http://127.0.0.1:8204/wd/hub/status] with no body
2022-04-04 06:13:57:873 [WD Proxy] socket hang up
2022-04-04 06:13:58:883 [WD Proxy] Matched '/status' to command name 'getStatus'
2022-04-04 06:13:58:883 [WD Proxy] Proxying [GET /status] to [GET http://127.0.0.1:8204/wd/hub/status] with no body
2022-04-04 06:13:58:903 [WD Proxy] socket hang up
2022-04-04 06:13:59:907 [WD Proxy] Matched '/status' to command name 'getStatus'
2022-04-04 06:13:59:908 [WD Proxy] Proxying [GET /status] to [GET http://127.0.0.1:8204/wd/hub/status] with no body
2022-04-04 06:13:59:920 [WD Proxy] socket hang up
2022-04-04 06:14:00:931 [WD Proxy] Matched '/status' to command name 'getStatus'
2022-04-04 06:14:00:932 [WD Proxy] Proxying [GET /status] to [GET http://127.0.0.1:8204/wd/hub/status] with no body
2022-04-04 06:14:00:955 [WD Proxy] socket hang up
2022-04-04 06:14:01:969 [WD Proxy] Matched '/status' to command name 'getStatus'
2022-04-04 06:14:01:969 [WD Proxy] Proxying [GET /status] to [GET http://127.0.0.1:8204/wd/hub/status] with no body
2022-04-04 06:14:01:983 [WD Proxy] socket hang up
2022-04-04 06:14:02:999 [WD Proxy] Matched '/status' to command name 'getStatus'
2022-04-04 06:14:02:999 [WD Proxy] Proxying [GET /status] to [GET http://127.0.0.1:8204/wd/hub/status] with no body
2022-04-04 06:14:03:012 [WD Proxy] socket hang up
2022-04-04 06:14:04:027 [WD Proxy] Matched '/status' to command name 'getStatus'
2022-04-04 06:14:04:028 [WD Proxy] Proxying [GET /status] to [GET http://127.0.0.1:8204/wd/hub/status] with no body
2022-04-04 06:14:04:040 [WD Proxy] socket hang up
2022-04-04 06:14:05:047 [WD Proxy] Matched '/status' to command name 'getStatus'
2022-04-04 06:14:05:048 [WD Proxy] Proxying [GET /status] to [GET http://127.0.0.1:8204/wd/hub/status] with no body
2022-04-04 06:14:05:063 [WD Proxy] socket hang up
2022-04-04 06:14:06:078 [WD Proxy] Matched '/status' to command name 'getStatus'
2022-04-04 06:14:06:079 [WD Proxy] Proxying [GET /status] to [GET http://127.0.0.1:8204/wd/hub/status] with no body
2022-04-04 06:14:06:094 [WD Proxy] socket hang up
2022-04-04 06:14:07:104 [WD Proxy] Matched '/status' to command name 'getStatus'
2022-04-04 06:14:07:105 [WD Proxy] Proxying [GET /status] to [GET http://127.0.0.1:8204/wd/hub/status] with no body
2022-04-04 06:14:07:121 [WD Proxy] socket hang up
2022-04-04 06:14:08:135 [WD Proxy] Matched '/status' to command name 'getStatus'
2022-04-04 06:14:08:137 [WD Proxy] Proxying [GET /status] to [GET http://127.0.0.1:8204/wd/hub/status] with no body
2022-04-04 06:14:08:151 [WD Proxy] socket hang up
2022-04-04 06:14:08:455 [Instrumentation] io.appium.uiautomator2.server.test.AppiumUiAutomator2Server:
2022-04-04 06:14:09:163 [WD Proxy] Matched '/status' to command name 'getStatus'
2022-04-04 06:14:09:163 [WD Proxy] Proxying [GET /status] to [GET http://127.0.0.1:8204/wd/hub/status] with no body
2022-04-04 06:14:09:179 [WD Proxy] socket hang up
2022-04-04 06:14:10:188 [WD Proxy] Matched '/status' to command name 'getStatus'
2022-04-04 06:14:10:189 [WD Proxy] Proxying [GET /status] to [GET http://127.0.0.1:8204/wd/hub/status] with no body
2022-04-04 06:14:10:203 [WD Proxy] socket hang up
2022-04-04 06:14:11:214 [WD Proxy] Matched '/status' to command name 'getStatus'
2022-04-04 06:14:11:214 [WD Proxy] Proxying [GET /status] to [GET http://127.0.0.1:8204/wd/hub/status] with no body
2022-04-04 06:14:11:227 [WD Proxy] socket hang up
2022-04-04 06:14:12:231 [WD Proxy] Matched '/status' to command name 'getStatus'
2022-04-04 06:14:12:232 [WD Proxy] Proxying [GET /status] to [GET http://127.0.0.1:8204/wd/hub/status] with no body
2022-04-04 06:14:12:665 [WD Proxy] Got response with status 200: {"sessionId":"None","value":{"message":"UiAutomator2 Server is ready to accept commands","ready":true}}
2022-04-04 06:14:12:666 [UiAutomator2] The initialization of the instrumentation process took 23126ms
2022-04-04 06:14:12:666 [WD Proxy] Matched '/session' to command name 'createSession'
2022-04-04 06:14:12:667 [WD Proxy] Proxying [POST /session] to [POST http://127.0.0.1:8204/wd/hub/session] with body: {"capabilities":{"firstMatch":[{"platform":"ANDROID","webStorageEnabled":false,"takesScreenshot":true,"javascriptEnabled":true,"databaseEnabled":false,"networkConnectionEnabled":true,"locationContextEnabled":false,"warnings":{},"desired":{"platformName":"android","platform":"ANDROID","appActivity":"com.teachmint.teachmint.MainActivity","appPackage":"com.teachmint.teachmint","autoGrantPermissions":true,"automationName":"uiautomator2","noReset":true},"platformName":"android","appActivity":"com.teachmint.teachmint.MainActivity","appPackage":"com.teachmint.teachmint","autoGrantPermissions":true,"automationName":"uiautomator2","noReset":true,"deviceName":"emulator-5554","deviceUDID":"emulator-5554"}],"alwaysMatch":{}}}
2022-04-04 06:14:12:809 [WD Proxy] Got response with status 200: {"sessionId":"284b2e5b-199d-42e9-b675-c8260aff2525","value":{"capabilities":{"firstMatch":[{"platform":"ANDROID","webStorageEnabled":false,"takesScreenshot":true,"javascriptEnabled":true,"databaseEnabled":false,"networkConnectionEnabled":true,"locationContextEnabled":false,"warnings":{},"desired":{"platformName":"android","platform":"ANDROID","appActivity":"com.teachmint.teachmint.MainActivity","appPackage":"com.teachmint.teachmint","autoGrantPermissions":true,"automationName":"uiautomator2","noReset":true},"platformName":"android","appActivity":"com.teachmint.teachmint.MainActivity","appPackage":"com.teachmint.teachmint","autoGrantPermissions":true,"automationName":"uiautomator2","noReset":true,"deviceName":"emulator-5554","deviceUDID":"emulator-5554"}],"alwaysMatch":{}},"sessionId":"284b2e5b-199d-42e9-b675-c8260aff2525"}}
2022-04-04 06:14:12:810 [WD Proxy] Determined the downstream protocol as 'W3C'
2022-04-04 06:14:12:846 [WD Proxy] Proxying [GET /appium/device/info] to [GET http://127.0.0.1:8204/wd/hub/session/284b2e5b-199d-42e9-b675-c8260aff2525/appium/device/info] with no body
2022-04-04 06:14:13:408 [WD Proxy] Got response with status 200: {"sessionId":"284b2e5b-199d-42e9-b675-c8260aff2525","value":{"androidId":"c351c5228722c51e","apiVersion":"31","bluetooth":{"state":"ON"},"brand":"google","carrierName":"","displayDensity":440,"locale":"en_US","manufacturer":"Google","model":"sdk_gphone64_x86_64","networks":[{"capabilities":{"SSID":null,"linkDownBandwidthKbps":4300,"linkUpstreamBandwidthKbps":1800,"networkCapabilities":"NET_CAPABILITY_MMS,NET_CAPABILITY_SUPL,NET_CAPABILITY_DUN,NET_CAPABILITY_FOTA,NET_CAPABILITY_IMS,NET_CAPABILITY_CBS,NET_CAPABILITY_INTERNET,NET_CAPABILITY_NOT_RESTRICTED,NET_CAPABILITY_TRUSTED,NET_CAPABILITY_NOT_VPN,NET_CAPABILITY_VALIDATED,NET_CAPABILITY_NOT_ROAMING,NET_CAPABILITY_NOT_CONGESTED","signalStrength":-2147483648,"transportTypes":"TRANSPORT_CELLULAR"},"detailedState":"SUSPENDED","extraInfo":"epc.tmobile.com","isAvailable":true,"isConnected":false,"isFailover":false,"isRoaming":false,"state":"SUSPENDED","subtype":0,"subtypeName":"UNKNOWN","type":0,"typeName":"MOBILE"},{"capabilities":{"SSID":null,"linkDownBandwidt...
2022-04-04 06:14:13:410 [ADB] Running 'C:\Users\User\AppData\Local\Android\Sdk\platform-tools\adb.exe -P 5037 -s emulator-5554 shell dumpsys window'
2022-04-04 06:14:15:103 [AndroidDriver] Screen already unlocked, doing nothing
2022-04-04 06:14:15:104 [UiAutomator2] Starting 'com.teachmint.teachmint/com.teachmint.teachmint.MainActivity and waiting for 'com.teachmint.teachmint/com.teachmint.teachmint.MainActivity'
2022-04-04 06:14:15:108 [ADB] Running 'C:\Users\User\AppData\Local\Android\Sdk\platform-tools\adb.exe -P 5037 -s emulator-5554 shell am start -W -n com.teachmint.teachmint/com.teachmint.teachmint.MainActivity -S -a android.intent.action.MAIN -c android.intent.category.LAUNCHER -f 0x10200000'
2022-04-04 06:14:31:028 [WD Proxy] Proxying [GET /appium/device/pixel_ratio] to [GET http://127.0.0.1:8204/wd/hub/session/284b2e5b-199d-42e9-b675-c8260aff2525/appium/device/pixel_ratio] with no body
2022-04-04 06:14:31:864 [WD Proxy] Got response with status 200: {"sessionId":"284b2e5b-199d-42e9-b675-c8260aff2525","value":2.75}
2022-04-04 06:14:31:869 [WD Proxy] Matched '/appium/device/system_bars' to command name 'getSystemBars'
2022-04-04 06:14:31:870 [WD Proxy] Proxying [GET /appium/device/system_bars] to [GET http://127.0.0.1:8204/wd/hub/session/284b2e5b-199d-42e9-b675-c8260aff2525/appium/device/system_bars] with no body
2022-04-04 06:14:31:949 [WD Proxy] Got response with status 200: {"sessionId":"284b2e5b-199d-42e9-b675-c8260aff2525","value":{"statusBar":83}}
2022-04-04 06:14:31:952 [WD Proxy] Matched '/window/current/size' to command name 'getWindowSize'
2022-04-04 06:14:31:953 [WD Proxy] Proxying [GET /window/current/size] to [GET http://127.0.0.1:8204/wd/hub/session/284b2e5b-199d-42e9-b675-c8260aff2525/window/current/size] with no body
2022-04-04 06:14:32:024 [WD Proxy] Got response with status 200: {"sessionId":"284b2e5b-199d-42e9-b675-c8260aff2525","value":{"height":2148,"width":1080}}
2022-04-04 06:14:32:027 [Appium] New AndroidUiautomator2Driver session created successfully, session 70c5f83b-d228-4af8-a5e6-f81718e75fe8 added to master session list
2022-04-04 06:14:32:032 [BaseDriver] Event 'newSessionStarted' logged at 1649052872031 (11:44:32 GMT+0530 (India Standard Time))
2022-04-04 06:14:32:034 [W3C (70c5f83b)] Cached the protocol value 'W3C' for the new session 70c5f83b-d228-4af8-a5e6-f81718e75fe8
2022-04-04 06:14:32:037 [W3C (70c5f83b)] Responding to client with driver.createSession() result: {"capabilities":{"platform":"ANDROID","webStorageEnabled":false,"takesScreenshot":true,"javascriptEnabled":true,"databaseEnabled":false,"networkConnectionEnabled":true,"locationContextEnabled":false,"warnings":{},"desired":{"platformName":"android","platform":"ANDROID","appActivity":"com.teachmint.teachmint.MainActivity","appPackage":"com.teachmint.teachmint","autoGrantPermissions":true,"automationName":"uiautomator2","noReset":true},"platformName":"android","appActivity":"com.teachmint.teachmint.MainActivity","appPackage":"com.teachmint.teachmint","autoGrantPermissions":true,"automationName":"uiautomator2","noReset":true,"deviceName":"emulator-5554","deviceUDID":"emulator-5554","deviceApiLevel":31,"platformVersion":"12","deviceScreenSize":"1080x2280","deviceScreenDensity":440,"deviceModel":"sdk_gphone64_x86_64","deviceManufacturer":"Google","pixelRatio":2.75,"statBarHeight":83,"viewportRect":{"left":0,"top":83,"width":1080,"height":2065}}}
2022-04-04 06:14:32:040 [HTTP] <-- POST /wd/hub/session 200 59365 ms - 1015
2022-04-04 06:14:32:041 [HTTP] 
2022-04-04 06:14:32:370 [HTTP] --> POST /wd/hub/session/70c5f83b-d228-4af8-a5e6-f81718e75fe8/timeouts
2022-04-04 06:14:32:371 [HTTP] {"implicit":50000}
2022-04-04 06:14:32:379 [W3C (70c5f83b)] Calling AppiumDriver.timeouts() with args: [null,null,null,null,50000,"70c5f83b-d228-4af8-a5e6-f81718e75fe8"]
2022-04-04 06:14:32:381 [BaseDriver] W3C timeout argument: {"implicit":50000}}
2022-04-04 06:14:32:382 [BaseDriver] Set implicit wait to 50000ms
2022-04-04 06:14:32:383 [W3C (70c5f83b)] Responding to client with driver.timeouts() result: null
2022-04-04 06:14:32:386 [HTTP] <-- POST /wd/hub/session/70c5f83b-d228-4af8-a5e6-f81718e75fe8/timeouts 200 15 ms - 14
2022-04-04 06:14:32:386 [HTTP] 
2022-04-04 06:14:32:673 [HTTP] --> GET /wd/hub/session/70c5f83b-d228-4af8-a5e6-f81718e75fe8/context
2022-04-04 06:14:32:674 [HTTP] {}
2022-04-04 06:14:32:695 [W3C (70c5f83b)] Calling AppiumDriver.getCurrentContext() with args: ["70c5f83b-d228-4af8-a5e6-f81718e75fe8"]
2022-04-04 06:14:32:697 [W3C (70c5f83b)] Responding to client with driver.getCurrentContext() result: "NATIVE_APP"
2022-04-04 06:14:32:704 [HTTP] <-- GET /wd/hub/session/70c5f83b-d228-4af8-a5e6-f81718e75fe8/context 200 26 ms - 22
2022-04-04 06:14:32:705 [HTTP] 
2022-04-04 06:14:32:718 [HTTP] --> POST /wd/hub/session/70c5f83b-d228-4af8-a5e6-f81718e75fe8/element
2022-04-04 06:14:32:719 [HTTP] {"using":"xpath","value":"(//*[@resource-id='com.teachmint.teachmint:id/title' and @text='Class10'])[last()]"}
2022-04-04 06:14:32:728 [W3C (70c5f83b)] Calling AppiumDriver.findElement() with args: ["xpath","(//*[@resource-id='com.teachmint.teachmint:id/title' and @text='Class10'])[last()]","70c5f83b-d228-4af8-a5e6-f81718e75fe8"]
2022-04-04 06:14:32:732 [BaseDriver] Valid locator strategies for this request: xpath, id, class name, accessibility id, css selector, -android uiautomator
2022-04-04 06:14:32:733 [BaseDriver] Waiting up to 50000 ms for condition
2022-04-04 06:14:32:735 [WD Proxy] Matched '/element' to command name 'findElement'
2022-04-04 06:14:32:736 [WD Proxy] Proxying [POST /element] to [POST http://127.0.0.1:8204/wd/hub/session/284b2e5b-199d-42e9-b675-c8260aff2525/element] with body: {"strategy":"xpath","selector":"(//*[@resource-id='com.teachmint.teachmint:id/title' and @text='Class10'])[last()]","context":"","multiple":false}
2022-04-04 06:14:42:730 [WD Proxy] Got response with status 200: {"sessionId":"284b2e5b-199d-42e9-b675-c8260aff2525","value":{"ELEMENT":"00000000-0000-0309-ffff-ffff00000105","element-6066-11e4-a52e-4f735466cecf":"00000000-0000-0309-ffff-ffff00000105"}}
2022-04-04 06:14:42:732 [W3C (70c5f83b)] Responding to client with driver.findElement() result: {"element-6066-11e4-a52e-4f735466cecf":"00000000-0000-0309-ffff-ffff00000105","ELEMENT":"00000000-0000-0309-ffff-ffff00000105"}
2022-04-04 06:14:42:735 [HTTP] <-- POST /wd/hub/session/70c5f83b-d228-4af8-a5e6-f81718e75fe8/element 200 10016 ms - 137
2022-04-04 06:14:42:736 [HTTP] 
2022-04-04 06:14:42:766 [HTTP] --> POST /wd/hub/session/70c5f83b-d228-4af8-a5e6-f81718e75fe8/element/00000000-0000-0309-ffff-ffff00000105/click
2022-04-04 06:14:42:767 [HTTP] {"id":"00000000-0000-0309-ffff-ffff00000105"}
2022-04-04 06:14:42:770 [W3C (70c5f83b)] Calling AppiumDriver.click() with args: ["00000000-0000-0309-ffff-ffff00000105","70c5f83b-d228-4af8-a5e6-f81718e75fe8"]
2022-04-04 06:14:42:772 [WD Proxy] Matched '/element/00000000-0000-0309-ffff-ffff00000105/click' to command name 'click'
2022-04-04 06:14:42:773 [WD Proxy] Proxying [POST /element/00000000-0000-0309-ffff-ffff00000105/click] to [POST http://127.0.0.1:8204/wd/hub/session/284b2e5b-199d-42e9-b675-c8260aff2525/element/00000000-0000-0309-ffff-ffff00000105/click] with body: {"element":"00000000-0000-0309-ffff-ffff00000105"}
2022-04-04 06:14:45:123 [WD Proxy] Got response with status 200: {"sessionId":"284b2e5b-199d-42e9-b675-c8260aff2525","value":null}
2022-04-04 06:14:45:125 [W3C (70c5f83b)] Responding to client with driver.click() result: null
2022-04-04 06:14:45:150 [HTTP] <-- POST /wd/hub/session/70c5f83b-d228-4af8-a5e6-f81718e75fe8/element/00000000-0000-0309-ffff-ffff00000105/click 200 2363 ms - 14
2022-04-04 06:14:45:153 [HTTP] 
2022-04-04 06:14:45:879 [HTTP] --> GET /wd/hub/session/70c5f83b-d228-4af8-a5e6-f81718e75fe8/context
2022-04-04 06:14:45:881 [HTTP] {}
2022-04-04 06:14:45:904 [W3C (70c5f83b)] Calling AppiumDriver.getCurrentContext() with args: ["70c5f83b-d228-4af8-a5e6-f81718e75fe8"]
2022-04-04 06:14:45:909 [W3C (70c5f83b)] Responding to client with driver.getCurrentContext() result: "NATIVE_APP"
2022-04-04 06:14:45:917 [HTTP] <-- GET /wd/hub/session/70c5f83b-d228-4af8-a5e6-f81718e75fe8/context 200 33 ms - 22
2022-04-04 06:14:45:921 [HTTP] 
2022-04-04 06:14:45:949 [HTTP] --> POST /wd/hub/session/70c5f83b-d228-4af8-a5e6-f81718e75fe8/element
2022-04-04 06:14:45:950 [HTTP] {"using":"xpath","value":"//*[@text='Go Live' or @resource-id='com.teachmint.teachmint:id/go_live']"}
2022-04-04 06:14:45:955 [W3C (70c5f83b)] Calling AppiumDriver.findElement() with args: ["xpath","//*[@text='Go Live' or @resource-id='com.teachmint.teachmint:id/go_live']","70c5f83b-d228-4af8-a5e6-f81718e75fe8"]
2022-04-04 06:14:45:958 [BaseDriver] Valid locator strategies for this request: xpath, id, class name, accessibility id, css selector, -android uiautomator
2022-04-04 06:14:45:962 [BaseDriver] Waiting up to 50000 ms for condition
2022-04-04 06:14:45:966 [WD Proxy] Matched '/element' to command name 'findElement'
2022-04-04 06:14:45:966 [WD Proxy] Proxying [POST /element] to [POST http://127.0.0.1:8204/wd/hub/session/284b2e5b-199d-42e9-b675-c8260aff2525/element] with body: {"strategy":"xpath","selector":"//*[@text='Go Live' or @resource-id='com.teachmint.teachmint:id/go_live']","context":"","multiple":false}
2022-04-04 06:14:55:749 [WD Proxy] Got response with status 404: {"sessionId":"284b2e5b-199d-42e9-b675-c8260aff2525","value":{"error":"no such element","message":"An element could not be located on the page using the given search parameters","stacktrace":"io.appium.uiautomator2.common.exceptions.ElementNotFoundException: An element could not be located on the page using the given search parameters\n\tat io.appium.uiautomator2.handler.FindElement.findElement(FindElement.java:90)\n\tat io.appium.uiautomator2.handler.FindElement.safeHandle(FindElement.java:67)\n\tat io.appium.uiautomator2.handler.request.SafeRequestHandler.handle(SafeRequestHandler.java:59)\n\tat io.appium.uiautomator2.server.AppiumServlet.handleRequest(AppiumServlet.java:266)\n\tat io.appium.uiautomator2.server.AppiumServlet.handleHttpRequest(AppiumServlet.java:260)\n\tat io.appium.uiautomator2.http.ServerHandler.channelRead(ServerHandler.java:68)\n\tat io.netty.channel.AbstractChannelHandlerContext.invokeChannelRead(AbstractChannelHandlerContext.java:366)\n\tat io.netty.channel.AbstractChannelHandlerCont...
2022-04-04 06:14:55:770 [W3C] Matched W3C error code 'no such element' to NoSuchElementError
2022-04-04 06:14:55:775 [BaseDriver] Waited for 9811 ms so far
2022-04-04 06:14:56:280 [WD Proxy] Matched '/element' to command name 'findElement'
2022-04-04 06:14:56:281 [WD Proxy] Proxying [POST /element] to [POST http://127.0.0.1:8204/wd/hub/session/284b2e5b-199d-42e9-b675-c8260aff2525/element] with body: {"strategy":"xpath","selector":"//*[@text='Go Live' or @resource-id='com.teachmint.teachmint:id/go_live']","context":"","multiple":false}
2022-04-04 06:14:57:473 [WD Proxy] Got response with status 200: {"sessionId":"284b2e5b-199d-42e9-b675-c8260aff2525","value":{"ELEMENT":"00000000-0000-0309-ffff-ffff00000181","element-6066-11e4-a52e-4f735466cecf":"00000000-0000-0309-ffff-ffff00000181"}}
2022-04-04 06:14:57:476 [W3C (70c5f83b)] Responding to client with driver.findElement() result: {"element-6066-11e4-a52e-4f735466cecf":"00000000-0000-0309-ffff-ffff00000181","ELEMENT":"00000000-0000-0309-ffff-ffff00000181"}
2022-04-04 06:14:57:492 [HTTP] <-- POST /wd/hub/session/70c5f83b-d228-4af8-a5e6-f81718e75fe8/element 200 11539 ms - 137
2022-04-04 06:14:57:492 [HTTP] 
2022-04-04 06:14:57:579 [HTTP] --> GET /wd/hub/session/70c5f83b-d228-4af8-a5e6-f81718e75fe8/element/00000000-0000-0309-ffff-ffff00000181/displayed
2022-04-04 06:14:57:580 [HTTP] {}
2022-04-04 06:14:57:592 [W3C (70c5f83b)] Calling AppiumDriver.elementDisplayed() with args: ["00000000-0000-0309-ffff-ffff00000181","70c5f83b-d228-4af8-a5e6-f81718e75fe8"]
2022-04-04 06:14:57:598 [WD Proxy] Matched '/element/00000000-0000-0309-ffff-ffff00000181/attribute/displayed' to command name 'getAttribute'
2022-04-04 06:14:57:598 [WD Proxy] Proxying [GET /element/00000000-0000-0309-ffff-ffff00000181/attribute/displayed] to [GET http://127.0.0.1:8204/wd/hub/session/284b2e5b-199d-42e9-b675-c8260aff2525/element/00000000-0000-0309-ffff-ffff00000181/attribute/displayed] with no body
2022-04-04 06:14:57:633 [WD Proxy] Got response with status 200: {"sessionId":"284b2e5b-199d-42e9-b675-c8260aff2525","value":"true"}
2022-04-04 06:14:57:635 [W3C (70c5f83b)] Responding to client with driver.elementDisplayed() result: true
2022-04-04 06:14:57:638 [HTTP] <-- GET /wd/hub/session/70c5f83b-d228-4af8-a5e6-f81718e75fe8/element/00000000-0000-0309-ffff-ffff00000181/displayed 200 58 ms - 14
2022-04-04 06:14:57:638 [HTTP] 
2022-04-04 06:14:57:655 [HTTP] --> GET /wd/hub/session/70c5f83b-d228-4af8-a5e6-f81718e75fe8/context
2022-04-04 06:14:57:656 [HTTP] {}
2022-04-04 06:14:57:656 [W3C (70c5f83b)] Calling AppiumDriver.getCurrentContext() with args: ["70c5f83b-d228-4af8-a5e6-f81718e75fe8"]
2022-04-04 06:14:57:659 [W3C (70c5f83b)] Responding to client with driver.getCurrentContext() result: "NATIVE_APP"
2022-04-04 06:14:57:662 [HTTP] <-- GET /wd/hub/session/70c5f83b-d228-4af8-a5e6-f81718e75fe8/context 200 5 ms - 22
2022-04-04 06:14:57:663 [HTTP] 
2022-04-04 06:14:57:699 [HTTP] --> POST /wd/hub/session/70c5f83b-d228-4af8-a5e6-f81718e75fe8/element
2022-04-04 06:14:57:700 [HTTP] {"using":"xpath","value":"//*[@text='Go Live' or @resource-id='com.teachmint.teachmint:id/go_live']"}
2022-04-04 06:14:57:702 [W3C (70c5f83b)] Calling AppiumDriver.findElement() with args: ["xpath","//*[@text='Go Live' or @resource-id='com.teachmint.teachmint:id/go_live']","70c5f83b-d228-4af8-a5e6-f81718e75fe8"]
2022-04-04 06:14:57:704 [BaseDriver] Valid locator strategies for this request: xpath, id, class name, accessibility id, css selector, -android uiautomator
2022-04-04 06:14:57:705 [BaseDriver] Waiting up to 50000 ms for condition
2022-04-04 06:14:57:721 [WD Proxy] Matched '/element' to command name 'findElement'
2022-04-04 06:14:57:721 [WD Proxy] Proxying [POST /element] to [POST http://127.0.0.1:8204/wd/hub/session/284b2e5b-199d-42e9-b675-c8260aff2525/element] with body: {"strategy":"xpath","selector":"//*[@text='Go Live' or @resource-id='com.teachmint.teachmint:id/go_live']","context":"","multiple":false}
2022-04-04 06:14:58:337 [WD Proxy] Got response with status 200: {"sessionId":"284b2e5b-199d-42e9-b675-c8260aff2525","value":{"ELEMENT":"00000000-0000-0309-ffff-ffff00000181","element-6066-11e4-a52e-4f735466cecf":"00000000-0000-0309-ffff-ffff00000181"}}
2022-04-04 06:14:58:339 [W3C (70c5f83b)] Responding to client with driver.findElement() result: {"element-6066-11e4-a52e-4f735466cecf":"00000000-0000-0309-ffff-ffff00000181","ELEMENT":"00000000-0000-0309-ffff-ffff00000181"}
2022-04-04 06:14:58:341 [HTTP] <-- POST /wd/hub/session/70c5f83b-d228-4af8-a5e6-f81718e75fe8/element 200 641 ms - 137
2022-04-04 06:14:58:341 [HTTP] 
2022-04-04 06:14:58:425 [HTTP] --> POST /wd/hub/session/70c5f83b-d228-4af8-a5e6-f81718e75fe8/element/00000000-0000-0309-ffff-ffff00000181/click
2022-04-04 06:14:58:425 [HTTP] {"id":"00000000-0000-0309-ffff-ffff00000181"}
2022-04-04 06:14:58:426 [W3C (70c5f83b)] Calling AppiumDriver.click() with args: ["00000000-0000-0309-ffff-ffff00000181","70c5f83b-d228-4af8-a5e6-f81718e75fe8"]
2022-04-04 06:14:58:428 [WD Proxy] Matched '/element/00000000-0000-0309-ffff-ffff00000181/click' to command name 'click'
2022-04-04 06:14:58:428 [WD Proxy] Proxying [POST /element/00000000-0000-0309-ffff-ffff00000181/click] to [POST http://127.0.0.1:8204/wd/hub/session/284b2e5b-199d-42e9-b675-c8260aff2525/element/00000000-0000-0309-ffff-ffff00000181/click] with body: {"element":"00000000-0000-0309-ffff-ffff00000181"}
2022-04-04 06:14:58:782 [WD Proxy] Got response with status 200: {"sessionId":"284b2e5b-199d-42e9-b675-c8260aff2525","value":null}
2022-04-04 06:14:58:784 [W3C (70c5f83b)] Responding to client with driver.click() result: null
2022-04-04 06:14:58:787 [HTTP] <-- POST /wd/hub/session/70c5f83b-d228-4af8-a5e6-f81718e75fe8/element/00000000-0000-0309-ffff-ffff00000181/click 200 361 ms - 14
2022-04-04 06:14:58:787 [HTTP] 
2022-04-04 06:14:59:339 [HTTP] --> GET /wd/hub/session/70c5f83b-d228-4af8-a5e6-f81718e75fe8/context
2022-04-04 06:14:59:339 [HTTP] {}
2022-04-04 06:14:59:341 [W3C (70c5f83b)] Calling AppiumDriver.getCurrentContext() with args: ["70c5f83b-d228-4af8-a5e6-f81718e75fe8"]
2022-04-04 06:14:59:344 [W3C (70c5f83b)] Responding to client with driver.getCurrentContext() result: "NATIVE_APP"
2022-04-04 06:14:59:348 [HTTP] <-- GET /wd/hub/session/70c5f83b-d228-4af8-a5e6-f81718e75fe8/context 200 8 ms - 22
2022-04-04 06:14:59:349 [HTTP] 
2022-04-04 06:14:59:364 [HTTP] --> POST /wd/hub/session/70c5f83b-d228-4af8-a5e6-f81718e75fe8/element
2022-04-04 06:14:59:364 [HTTP] {"using":"id","value":"com.teachmint.teachmint:id/video_icon"}
2022-04-04 06:14:59:366 [W3C (70c5f83b)] Calling AppiumDriver.findElement() with args: ["id","com.teachmint.teachmint:id/video_icon","70c5f83b-d228-4af8-a5e6-f81718e75fe8"]
2022-04-04 06:14:59:367 [BaseDriver] Valid locator strategies for this request: xpath, id, class name, accessibility id, css selector, -android uiautomator
2022-04-04 06:14:59:368 [BaseDriver] Waiting up to 50000 ms for condition
2022-04-04 06:14:59:369 [WD Proxy] Matched '/element' to command name 'findElement'
2022-04-04 06:14:59:370 [WD Proxy] Proxying [POST /element] to [POST http://127.0.0.1:8204/wd/hub/session/284b2e5b-199d-42e9-b675-c8260aff2525/element] with body: {"strategy":"id","selector":"com.teachmint.teachmint:id/video_icon","context":"","multiple":false}
2022-04-04 06:15:02:254 [WD Proxy] Got response with status 200: {"sessionId":"284b2e5b-199d-42e9-b675-c8260aff2525","value":{"ELEMENT":"00000000-0000-0309-ffff-ffff000001ac","element-6066-11e4-a52e-4f735466cecf":"00000000-0000-0309-ffff-ffff000001ac"}}
2022-04-04 06:15:02:255 [W3C (70c5f83b)] Responding to client with driver.findElement() result: {"element-6066-11e4-a52e-4f735466cecf":"00000000-0000-0309-ffff-ffff000001ac","ELEMENT":"00000000-0000-0309-ffff-ffff000001ac"}
2022-04-04 06:15:02:259 [HTTP] <-- POST /wd/hub/session/70c5f83b-d228-4af8-a5e6-f81718e75fe8/element 200 2894 ms - 137
2022-04-04 06:15:02:259 [HTTP] 
2022-04-04 06:15:02:269 [HTTP] --> GET /wd/hub/session/70c5f83b-d228-4af8-a5e6-f81718e75fe8/element/00000000-0000-0309-ffff-ffff000001ac/displayed
2022-04-04 06:15:02:269 [HTTP] {}
2022-04-04 06:15:02:273 [W3C (70c5f83b)] Calling AppiumDriver.elementDisplayed() with args: ["00000000-0000-0309-ffff-ffff000001ac","70c5f83b-d228-4af8-a5e6-f81718e75fe8"]
2022-04-04 06:15:02:274 [WD Proxy] Matched '/element/00000000-0000-0309-ffff-ffff000001ac/attribute/displayed' to command name 'getAttribute'
2022-04-04 06:15:02:275 [WD Proxy] Proxying [GET /element/00000000-0000-0309-ffff-ffff000001ac/attribute/displayed] to [GET http://127.0.0.1:8204/wd/hub/session/284b2e5b-199d-42e9-b675-c8260aff2525/element/00000000-0000-0309-ffff-ffff000001ac/attribute/displayed] with no body
2022-04-04 06:15:03:222 [WD Proxy] Got response with status 200: {"sessionId":"284b2e5b-199d-42e9-b675-c8260aff2525","value":"true"}
2022-04-04 06:15:03:223 [W3C (70c5f83b)] Responding to client with driver.elementDisplayed() result: true
2022-04-04 06:15:03:226 [HTTP] <-- GET /wd/hub/session/70c5f83b-d228-4af8-a5e6-f81718e75fe8/element/00000000-0000-0309-ffff-ffff000001ac/displayed 200 956 ms - 14
2022-04-04 06:15:03:227 [HTTP] 
2022-04-04 06:15:03:233 [HTTP] --> GET /wd/hub/session/70c5f83b-d228-4af8-a5e6-f81718e75fe8/context
2022-04-04 06:15:03:234 [HTTP] {}
2022-04-04 06:15:03:235 [W3C (70c5f83b)] Calling AppiumDriver.getCurrentContext() with args: ["70c5f83b-d228-4af8-a5e6-f81718e75fe8"]
2022-04-04 06:15:03:237 [W3C (70c5f83b)] Responding to client with driver.getCurrentContext() result: "NATIVE_APP"
2022-04-04 06:15:03:240 [HTTP] <-- GET /wd/hub/session/70c5f83b-d228-4af8-a5e6-f81718e75fe8/context 200 5 ms - 22
2022-04-04 06:15:03:240 [HTTP] 
2022-04-04 06:15:03:257 [HTTP] --> POST /wd/hub/session/70c5f83b-d228-4af8-a5e6-f81718e75fe8/element
2022-04-04 06:15:03:257 [HTTP] {"using":"xpath","value":"//*[contains(@text,'Video') or contains(@text, 'वीडियो')]"}
2022-04-04 06:15:03:259 [W3C (70c5f83b)] Calling AppiumDriver.findElement() with args: ["xpath","//*[contains(@text,'Video') or contains(@text, 'वीडियो')]","70c5f83b-d228-4af8-a5e6-f81718e75fe8"]
2022-04-04 06:15:03:259 [BaseDriver] Valid locator strategies for this request: xpath, id, class name, accessibility id, css selector, -android uiautomator
2022-04-04 06:15:03:260 [BaseDriver] Waiting up to 50000 ms for condition
2022-04-04 06:15:03:261 [WD Proxy] Matched '/element' to command name 'findElement'
2022-04-04 06:15:03:261 [WD Proxy] Proxying [POST /element] to [POST http://127.0.0.1:8204/wd/hub/session/284b2e5b-199d-42e9-b675-c8260aff2525/element] with body: {"strategy":"xpath","selector":"//*[contains(@text,'Video') or contains(@text, 'वीडियो')]","context":"","multiple":false}
2022-04-04 06:15:03:431 [WD Proxy] Got response with status 200: {"sessionId":"284b2e5b-199d-42e9-b675-c8260aff2525","value":{"ELEMENT":"00000000-0000-0309-ffff-ffff000001ae","element-6066-11e4-a52e-4f735466cecf":"00000000-0000-0309-ffff-ffff000001ae"}}
2022-04-04 06:15:03:432 [W3C (70c5f83b)] Responding to client with driver.findElement() result: {"element-6066-11e4-a52e-4f735466cecf":"00000000-0000-0309-ffff-ffff000001ae","ELEMENT":"00000000-0000-0309-ffff-ffff000001ae"}
2022-04-04 06:15:03:434 [HTTP] <-- POST /wd/hub/session/70c5f83b-d228-4af8-a5e6-f81718e75fe8/element 200 177 ms - 137
2022-04-04 06:15:03:435 [HTTP] 
2022-04-04 06:15:03:443 [HTTP] --> GET /wd/hub/session/70c5f83b-d228-4af8-a5e6-f81718e75fe8/element/00000000-0000-0309-ffff-ffff000001ae/text
2022-04-04 06:15:03:444 [HTTP] {}
2022-04-04 06:15:03:455 [W3C (70c5f83b)] Driver proxy active, passing request on via HTTP proxy
2022-04-04 06:15:03:469 [WD Proxy] Matched '/wd/hub/session/70c5f83b-d228-4af8-a5e6-f81718e75fe8/element/00000000-0000-0309-ffff-ffff000001ae/text' to command name 'getText'
2022-04-04 06:15:03:470 [WD Proxy] Proxying [GET /wd/hub/session/70c5f83b-d228-4af8-a5e6-f81718e75fe8/element/00000000-0000-0309-ffff-ffff000001ae/text] to [GET http://127.0.0.1:8204/wd/hub/session/284b2e5b-199d-42e9-b675-c8260aff2525/element/00000000-0000-0309-ffff-ffff000001ae/text] with no body
2022-04-04 06:15:03:510 [WD Proxy] Got response with status 200: {"sessionId":"284b2e5b-199d-42e9-b675-c8260aff2525","value":"वीडियो ऑफ"}
2022-04-04 06:15:03:512 [WD Proxy] Replacing sessionId 284b2e5b-199d-42e9-b675-c8260aff2525 with 70c5f83b-d228-4af8-a5e6-f81718e75fe8
2022-04-04 06:15:03:516 [HTTP] <-- GET /wd/hub/session/70c5f83b-d228-4af8-a5e6-f81718e75fe8/element/00000000-0000-0309-ffff-ffff000001ae/text 200 71 ms - 88
2022-04-04 06:15:03:517 [HTTP] 
2022-04-04 06:15:03:541 [HTTP] --> GET /wd/hub/session/70c5f83b-d228-4af8-a5e6-f81718e75fe8/context
2022-04-04 06:15:03:541 [HTTP] {}
2022-04-04 06:15:03:542 [W3C (70c5f83b)] Calling AppiumDriver.getCurrentContext() with args: ["70c5f83b-d228-4af8-a5e6-f81718e75fe8"]
2022-04-04 06:15:03:544 [W3C (70c5f83b)] Responding to client with driver.getCurrentContext() result: "NATIVE_APP"
2022-04-04 06:15:03:546 [HTTP] <-- GET /wd/hub/session/70c5f83b-d228-4af8-a5e6-f81718e75fe8/context 200 5 ms - 22
2022-04-04 06:15:03:547 [HTTP] 
2022-04-04 06:15:03:568 [HTTP] --> POST /wd/hub/session/70c5f83b-d228-4af8-a5e6-f81718e75fe8/element
2022-04-04 06:15:03:569 [HTTP] {"using":"id","value":"com.teachmint.teachmint:id/go_live_button"}
2022-04-04 06:15:03:570 [W3C (70c5f83b)] Calling AppiumDriver.findElement() with args: ["id","com.teachmint.teachmint:id/go_live_button","70c5f83b-d228-4af8-a5e6-f81718e75fe8"]
2022-04-04 06:15:03:576 [BaseDriver] Valid locator strategies for this request: xpath, id, class name, accessibility id, css selector, -android uiautomator
2022-04-04 06:15:03:576 [BaseDriver] Waiting up to 50000 ms for condition
2022-04-04 06:15:03:582 [WD Proxy] Matched '/element' to command name 'findElement'
2022-04-04 06:15:03:582 [WD Proxy] Proxying [POST /element] to [POST http://127.0.0.1:8204/wd/hub/session/284b2e5b-199d-42e9-b675-c8260aff2525/element] with body: {"strategy":"id","selector":"com.teachmint.teachmint:id/go_live_button","context":"","multiple":false}
2022-04-04 06:15:03:629 [WD Proxy] Got response with status 200: {"sessionId":"284b2e5b-199d-42e9-b675-c8260aff2525","value":{"ELEMENT":"00000000-0000-0309-ffff-ffff000001ce","element-6066-11e4-a52e-4f735466cecf":"00000000-0000-0309-ffff-ffff000001ce"}}
2022-04-04 06:15:03:630 [W3C (70c5f83b)] Responding to client with driver.findElement() result: {"element-6066-11e4-a52e-4f735466cecf":"00000000-0000-0309-ffff-ffff000001ce","ELEMENT":"00000000-0000-0309-ffff-ffff000001ce"}
2022-04-04 06:15:03:632 [HTTP] <-- POST /wd/hub/session/70c5f83b-d228-4af8-a5e6-f81718e75fe8/element 200 63 ms - 137
2022-04-04 06:15:03:632 [HTTP] 
2022-04-04 06:15:03:643 [HTTP] --> POST /wd/hub/session/70c5f83b-d228-4af8-a5e6-f81718e75fe8/element/00000000-0000-0309-ffff-ffff000001ce/click
2022-04-04 06:15:03:644 [HTTP] {"id":"00000000-0000-0309-ffff-ffff000001ce"}
2022-04-04 06:15:03:646 [W3C (70c5f83b)] Calling AppiumDriver.click() with args: ["00000000-0000-0309-ffff-ffff000001ce","70c5f83b-d228-4af8-a5e6-f81718e75fe8"]
2022-04-04 06:15:03:648 [WD Proxy] Matched '/element/00000000-0000-0309-ffff-ffff000001ce/click' to command name 'click'
2022-04-04 06:15:03:649 [WD Proxy] Proxying [POST /element/00000000-0000-0309-ffff-ffff000001ce/click] to [POST http://127.0.0.1:8204/wd/hub/session/284b2e5b-199d-42e9-b675-c8260aff2525/element/00000000-0000-0309-ffff-ffff000001ce/click] with body: {"element":"00000000-0000-0309-ffff-ffff000001ce"}
2022-04-04 06:15:03:747 [WD Proxy] Got response with status 200: {"sessionId":"284b2e5b-199d-42e9-b675-c8260aff2525","value":null}
2022-04-04 06:15:03:749 [W3C (70c5f83b)] Responding to client with driver.click() result: null
2022-04-04 06:15:03:752 [HTTP] <-- POST /wd/hub/session/70c5f83b-d228-4af8-a5e6-f81718e75fe8/element/00000000-0000-0309-ffff-ffff000001ce/click 200 108 ms - 14
2022-04-04 06:15:03:752 [HTTP] 
2022-04-04 06:15:03:762 [HTTP] --> GET /wd/hub/session/70c5f83b-d228-4af8-a5e6-f81718e75fe8/context
2022-04-04 06:15:03:762 [HTTP] {}
2022-04-04 06:15:03:764 [W3C (70c5f83b)] Calling AppiumDriver.getCurrentContext() with args: ["70c5f83b-d228-4af8-a5e6-f81718e75fe8"]
2022-04-04 06:15:03:766 [W3C (70c5f83b)] Responding to client with driver.getCurrentContext() result: "NATIVE_APP"
2022-04-04 06:15:03:767 [HTTP] <-- GET /wd/hub/session/70c5f83b-d228-4af8-a5e6-f81718e75fe8/context 200 5 ms - 22
2022-04-04 06:15:03:768 [HTTP] 
2022-04-04 06:15:03:785 [HTTP] --> POST /wd/hub/session/70c5f83b-d228-4af8-a5e6-f81718e75fe8/element
2022-04-04 06:15:03:787 [HTTP] {"using":"xpath","value":"//*[@resource-id='com.teachmint.teachmint:id/options_menu' or @text='More']"}
2022-04-04 06:15:03:788 [W3C (70c5f83b)] Calling AppiumDriver.findElement() with args: ["xpath","//*[@resource-id='com.teachmint.teachmint:id/options_menu' or @text='More']","70c5f83b-d228-4af8-a5e6-f81718e75fe8"]
2022-04-04 06:15:03:790 [BaseDriver] Valid locator strategies for this request: xpath, id, class name, accessibility id, css selector, -android uiautomator
2022-04-04 06:15:03:790 [BaseDriver] Waiting up to 50000 ms for condition
2022-04-04 06:15:03:791 [WD Proxy] Matched '/element' to command name 'findElement'
2022-04-04 06:15:03:791 [WD Proxy] Proxying [POST /element] to [POST http://127.0.0.1:8204/wd/hub/session/284b2e5b-199d-42e9-b675-c8260aff2525/element] with body: {"strategy":"xpath","selector":"//*[@resource-id='com.teachmint.teachmint:id/options_menu' or @text='More']","context":"","multiple":false}
2022-04-04 06:15:11:873 [WD Proxy] Got response with status 200: {"sessionId":"284b2e5b-199d-42e9-b675-c8260aff2525","value":{"ELEMENT":"00000000-0000-0309-ffff-ffff000002ad","element-6066-11e4-a52e-4f735466cecf":"00000000-0000-0309-ffff-ffff000002ad"}}
2022-04-04 06:15:11:875 [W3C (70c5f83b)] Responding to client with driver.findElement() result: {"element-6066-11e4-a52e-4f735466cecf":"00000000-0000-0309-ffff-ffff000002ad","ELEMENT":"00000000-0000-0309-ffff-ffff000002ad"}
2022-04-04 06:15:11:879 [HTTP] <-- POST /wd/hub/session/70c5f83b-d228-4af8-a5e6-f81718e75fe8/element 200 8092 ms - 137
2022-04-04 06:15:11:879 [HTTP] 
2022-04-04 06:15:11:888 [HTTP] --> GET /wd/hub/session/70c5f83b-d228-4af8-a5e6-f81718e75fe8/element/00000000-0000-0309-ffff-ffff000002ad/displayed
2022-04-04 06:15:11:890 [HTTP] {}
2022-04-04 06:15:11:893 [W3C (70c5f83b)] Calling AppiumDriver.elementDisplayed() with args: ["00000000-0000-0309-ffff-ffff000002ad","70c5f83b-d228-4af8-a5e6-f81718e75fe8"]
2022-04-04 06:15:11:900 [WD Proxy] Matched '/element/00000000-0000-0309-ffff-ffff000002ad/attribute/displayed' to command name 'getAttribute'
2022-04-04 06:15:11:901 [WD Proxy] Proxying [GET /element/00000000-0000-0309-ffff-ffff000002ad/attribute/displayed] to [GET http://127.0.0.1:8204/wd/hub/session/284b2e5b-199d-42e9-b675-c8260aff2525/element/00000000-0000-0309-ffff-ffff000002ad/attribute/displayed] with no body
2022-04-04 06:15:11:941 [WD Proxy] Got response with status 200: {"sessionId":"284b2e5b-199d-42e9-b675-c8260aff2525","value":"true"}
2022-04-04 06:15:11:942 [W3C (70c5f83b)] Responding to client with driver.elementDisplayed() result: true
2022-04-04 06:15:11:944 [HTTP] <-- GET /wd/hub/session/70c5f83b-d228-4af8-a5e6-f81718e75fe8/element/00000000-0000-0309-ffff-ffff000002ad/displayed 200 55 ms - 14
2022-04-04 06:15:11:945 [HTTP] 
2022-04-04 06:15:11:950 [HTTP] --> GET /wd/hub/session/70c5f83b-d228-4af8-a5e6-f81718e75fe8/context
2022-04-04 06:15:11:950 [HTTP] {}
2022-04-04 06:15:11:951 [W3C (70c5f83b)] Calling AppiumDriver.getCurrentContext() with args: ["70c5f83b-d228-4af8-a5e6-f81718e75fe8"]
2022-04-04 06:15:11:952 [W3C (70c5f83b)] Responding to client with driver.getCurrentContext() result: "NATIVE_APP"
2022-04-04 06:15:11:954 [HTTP] <-- GET /wd/hub/session/70c5f83b-d228-4af8-a5e6-f81718e75fe8/context 200 3 ms - 22
2022-04-04 06:15:11:955 [HTTP] 
2022-04-04 06:15:11:964 [HTTP] --> POST /wd/hub/session/70c5f83b-d228-4af8-a5e6-f81718e75fe8/element
2022-04-04 06:15:11:965 [HTTP] {"using":"xpath","value":"//*[@resource-id='com.teachmint.teachmint:id/options_menu' or @text='More']"}
2022-04-04 06:15:11:966 [W3C (70c5f83b)] Calling AppiumDriver.findElement() with args: ["xpath","//*[@resource-id='com.teachmint.teachmint:id/options_menu' or @text='More']","70c5f83b-d228-4af8-a5e6-f81718e75fe8"]
2022-04-04 06:15:11:967 [BaseDriver] Valid locator strategies for this request: xpath, id, class name, accessibility id, css selector, -android uiautomator
2022-04-04 06:15:11:968 [BaseDriver] Waiting up to 50000 ms for condition
2022-04-04 06:15:11:969 [WD Proxy] Matched '/element' to command name 'findElement'
2022-04-04 06:15:11:969 [WD Proxy] Proxying [POST /element] to [POST http://127.0.0.1:8204/wd/hub/session/284b2e5b-199d-42e9-b675-c8260aff2525/element] with body: {"strategy":"xpath","selector":"//*[@resource-id='com.teachmint.teachmint:id/options_menu' or @text='More']","context":"","multiple":false}
2022-04-04 06:15:12:281 [WD Proxy] Got response with status 200: {"sessionId":"284b2e5b-199d-42e9-b675-c8260aff2525","value":{"ELEMENT":"00000000-0000-0309-ffff-ffff000002ad","element-6066-11e4-a52e-4f735466cecf":"00000000-0000-0309-ffff-ffff000002ad"}}
2022-04-04 06:15:12:282 [W3C (70c5f83b)] Responding to client with driver.findElement() result: {"element-6066-11e4-a52e-4f735466cecf":"00000000-0000-0309-ffff-ffff000002ad","ELEMENT":"00000000-0000-0309-ffff-ffff000002ad"}
2022-04-04 06:15:12:285 [HTTP] <-- POST /wd/hub/session/70c5f83b-d228-4af8-a5e6-f81718e75fe8/element 200 319 ms - 137
2022-04-04 06:15:12:285 [HTTP] 
2022-04-04 06:15:12:306 [HTTP] --> POST /wd/hub/session/70c5f83b-d228-4af8-a5e6-f81718e75fe8/element/00000000-0000-0309-ffff-ffff000002ad/click
2022-04-04 06:15:12:307 [HTTP] {"id":"00000000-0000-0309-ffff-ffff000002ad"}
2022-04-04 06:15:12:308 [W3C (70c5f83b)] Calling AppiumDriver.click() with args: ["00000000-0000-0309-ffff-ffff000002ad","70c5f83b-d228-4af8-a5e6-f81718e75fe8"]
2022-04-04 06:15:12:315 [WD Proxy] Matched '/element/00000000-0000-0309-ffff-ffff000002ad/click' to command name 'click'
2022-04-04 06:15:12:315 [WD Proxy] Proxying [POST /element/00000000-0000-0309-ffff-ffff000002ad/click] to [POST http://127.0.0.1:8204/wd/hub/session/284b2e5b-199d-42e9-b675-c8260aff2525/element/00000000-0000-0309-ffff-ffff000002ad/click] with body: {"element":"00000000-0000-0309-ffff-ffff000002ad"}
2022-04-04 06:15:16:335 [WD Proxy] Got response with status 500: {"sessionId":"284b2e5b-199d-42e9-b675-c8260aff2525","value":{"error":"unknown error","message":"Cannot invoke method private android.view.accessibility.AccessibilityNodeInfo androidx.test.uiautomator.UiObject2.getAccessibilityNodeInfo() on object androidx.test.uiautomator.UiObject2@a82b6 with parameters []","stacktrace":"io.appium.uiautomator2.common.exceptions.UiAutomator2Exception: Cannot invoke method private android.view.accessibility.AccessibilityNodeInfo androidx.test.uiautomator.UiObject2.getAccessibilityNodeInfo() on object androidx.test.uiautomator.UiObject2@a82b6 with parameters []\n\tat io.appium.uiautomator2.utils.ReflectionUtils.invoke(ReflectionUtils.java:85)\n\tat io.appium.uiautomator2.core.AxNodeInfoExtractor.extractAxNodeInfo(AxNodeInfoExtractor.java:58)\n\tat io.appium.uiautomator2.core.AxNodeInfoExtractor.toAxNodeInfo(AxNodeInfoExtractor.java:48)\n\tat io.appium.uiautomator2.model.BaseElement.click(BaseElement.java:64)\n\tat io.appium.uiautomator2.handler.Click.safeHandle(Click.java:37)...
2022-04-04 06:15:16:336 [W3C] Matched W3C error code 'unknown error' to UnknownError
2022-04-04 06:15:16:788 [W3C (70c5f83b)] Encountered internal error running command: An unknown server-side error occurred while processing the command. Original error: Cannot invoke method private android.view.accessibility.AccessibilityNodeInfo androidx.test.uiautomator.UiObject2.getAccessibilityNodeInfo() on object androidx.test.uiautomator.UiObject2@a82b6 with parameters []
2022-04-04 06:15:16:789 [W3C (70c5f83b)] io.appium.uiautomator2.common.exceptions.UiAutomator2Exception: Cannot invoke method private android.view.accessibility.AccessibilityNodeInfo androidx.test.uiautomator.UiObject2.getAccessibilityNodeInfo() on object androidx.test.uiautomator.UiObject2@a82b6 with parameters []
2022-04-04 06:15:16:789 [W3C (70c5f83b)] 	at io.appium.uiautomator2.utils.ReflectionUtils.invoke(ReflectionUtils.java:85)
2022-04-04 06:15:16:789 [W3C (70c5f83b)] 	at io.appium.uiautomator2.core.AxNodeInfoExtractor.extractAxNodeInfo(AxNodeInfoExtractor.java:58)
2022-04-04 06:15:16:789 [W3C (70c5f83b)] 	at io.appium.uiautomator2.core.AxNodeInfoExtractor.toAxNodeInfo(AxNodeInfoExtractor.java:48)
2022-04-04 06:15:16:789 [W3C (70c5f83b)] 	at io.appium.uiautomator2.model.BaseElement.click(BaseElement.java:64)
2022-04-04 06:15:16:790 [W3C (70c5f83b)] 	at io.appium.uiautomator2.handler.Click.safeHandle(Click.java:37)
2022-04-04 06:15:16:790 [W3C (70c5f83b)] 	at io.appium.uiautomator2.handler.request.SafeRequestHandler.handle(SafeRequestHandler.java:59)
2022-04-04 06:15:16:790 [W3C (70c5f83b)] 	at io.appium.uiautomator2.server.AppiumServlet.handleRequest(AppiumServlet.java:266)
2022-04-04 06:15:16:790 [W3C (70c5f83b)] 	at io.appium.uiautomator2.server.AppiumServlet.handleHttpRequest(AppiumServlet.java:260)
2022-04-04 06:15:16:790 [W3C (70c5f83b)] 	at io.appium.uiautomator2.http.ServerHandler.channelRead(ServerHandler.java:68)
2022-04-04 06:15:16:791 [W3C (70c5f83b)] 	at io.netty.channel.AbstractChannelHandlerContext.invokeChannelRead(AbstractChannelHandlerContext.java:366)
2022-04-04 06:15:16:791 [W3C (70c5f83b)] 	at io.netty.channel.AbstractChannelHandlerContext.invokeChannelRead(AbstractChannelHandlerContext.java:352)
2022-04-04 06:15:16:791 [W3C (70c5f83b)] 	at io.netty.channel.AbstractChannelHandlerContext.fireChannelRead(AbstractChannelHandlerContext.java:345)
2022-04-04 06:15:16:792 [W3C (70c5f83b)] 	at io.netty.handler.codec.MessageToMessageDecoder.channelRead(MessageToMessageDecoder.java:102)
2022-04-04 06:15:16:792 [W3C (70c5f83b)] 	at io.netty.channel.AbstractChannelHandlerContext.invokeChannelRead(AbstractChannelHandlerContext.java:366)
2022-04-04 06:15:16:792 [W3C (70c5f83b)] 	at io.netty.channel.AbstractChannelHandlerContext.invokeChannelRead(AbstractChannelHandlerContext.java:352)
2022-04-04 06:15:16:792 [W3C (70c5f83b)] 	at io.netty.channel.AbstractChannelHandlerContext.fireChannelRead(AbstractChannelHandlerContext.java:345)
2022-04-04 06:15:16:792 [W3C (70c5f83b)] 	at io.netty.channel.CombinedChannelDuplexHandler$DelegatingChannelHandlerContext.fireChannelRead(CombinedChannelDuplexHandler.java:435)
2022-04-04 06:15:16:792 [W3C (70c5f83b)] 	at io.netty.handler.codec.ByteToMessageDecoder.fireChannelRead(ByteToMessageDecoder.java:293)
2022-04-04 06:15:16:793 [W3C (70c5f83b)] 	at io.netty.handler.codec.ByteToMessageDecoder.channelRead(ByteToMessageDecoder.java:267)
2022-04-04 06:15:16:793 [W3C (70c5f83b)] 	at io.netty.channel.CombinedChannelDuplexHandler.channelRead(CombinedChannelDuplexHandler.java:250)
2022-04-04 06:15:16:793 [W3C (70c5f83b)] 	at io.netty.channel.AbstractChannelHandlerContext.invokeChannelRead(AbstractChannelHandlerContext.java:366)
2022-04-04 06:15:16:793 [W3C (70c5f83b)] 	at io.netty.channel.AbstractChannelHandlerContext.invokeChannelRead(AbstractChannelHandlerContext.java:352)
2022-04-04 06:15:16:793 [W3C (70c5f83b)] 	at io.netty.channel.AbstractChannelHandlerContext.fireChannelRead(AbstractChannelHandlerContext.java:345)
2022-04-04 06:15:16:793 [W3C (70c5f83b)] 	at io.netty.handler.timeout.IdleStateHandler.channelRead(IdleStateHandler.java:266)
2022-04-04 06:15:16:794 [W3C (70c5f83b)] 	at io.netty.channel.AbstractChannelHandlerContext.invokeChannelRead(AbstractChannelHandlerContext.java:366)
2022-04-04 06:15:16:794 [W3C (70c5f83b)] 	at io.netty.channel.AbstractChannelHandlerContext.invokeChannelRead(AbstractChannelHandlerContext.java:352)
2022-04-04 06:15:16:794 [W3C (70c5f83b)] 	at io.netty.channel.AbstractChannelHandlerContext.fireChannelRead(AbstractChannelHandlerContext.java:345)
2022-04-04 06:15:16:794 [W3C (70c5f83b)] 	at io.netty.channel.DefaultChannelPipeline$HeadContext.channelRead(DefaultChannelPipeline.java:1294)
2022-04-04 06:15:16:795 [W3C (70c5f83b)] 	at io.netty.channel.AbstractChannelHandlerContext.invokeChannelRead(AbstractChannelHandlerContext.java:366)
2022-04-04 06:15:16:795 [W3C (70c5f83b)] 	at io.netty.channel.AbstractChannelHandlerContext.invokeChannelRead(AbstractChannelHandlerContext.java:352)
2022-04-04 06:15:16:795 [W3C (70c5f83b)] 	at io.netty.channel.DefaultChannelPipeline.fireChannelRead(DefaultChannelPipeline.java:911)
2022-04-04 06:15:16:795 [W3C (70c5f83b)] 	at io.netty.channel.nio.AbstractNioByteChannel$NioByteUnsafe.read(AbstractNioByteChannel.java:131)
2022-04-04 06:15:16:796 [W3C (70c5f83b)] 	at io.netty.channel.nio.NioEventLoop.processSelectedKey(NioEventLoop.java:611)
2022-04-04 06:15:16:796 [W3C (70c5f83b)] 	at io.netty.channel.nio.NioEventLoop.processSelectedKeysOptimized(NioEventLoop.java:552)
2022-04-04 06:15:16:796 [W3C (70c5f83b)] 	at io.netty.channel.nio.NioEventLoop.processSelectedKeys(NioEventLoop.java:466)
2022-04-04 06:15:16:796 [W3C (70c5f83b)] 	at io.netty.channel.nio.NioEventLoop.run(NioEventLoop.java:438)
2022-04-04 06:15:16:797 [W3C (70c5f83b)] 	at io.netty.util.concurrent.SingleThreadEventExecutor$2.run(SingleThreadEventExecutor.java:140)
2022-04-04 06:15:16:798 [W3C (70c5f83b)] 	at io.netty.util.concurrent.DefaultThreadFactory$DefaultRunnableDecorator.run(DefaultThreadFactory.java:144)
2022-04-04 06:15:16:798 [W3C (70c5f83b)] 	at java.lang.Thread.run(Thread.java:920)
2022-04-04 06:15:16:798 [W3C (70c5f83b)] Caused by: java.lang.reflect.InvocationTargetException
2022-04-04 06:15:16:798 [W3C (70c5f83b)] 	at java.lang.reflect.Method.invoke(Native Method)
2022-04-04 06:15:16:799 [W3C (70c5f83b)] 	at io.appium.uiautomator2.utils.ReflectionUtils.invoke(ReflectionUtils.java:83)
2022-04-04 06:15:16:799 [W3C (70c5f83b)] 	... 38 more
2022-04-04 06:15:16:799 [W3C (70c5f83b)] Caused by: androidx.test.uiautomator.StaleObjectException
2022-04-04 06:15:16:799 [W3C (70c5f83b)] 	at androidx.test.uiautomator.UiObject2.getAccessibilityNodeInfo(UiObject2.java:647)
2022-04-04 06:15:16:799 [W3C (70c5f83b)] 	... 40 more
2022-04-04 06:15:16:800 [W3C (70c5f83b)] 
2022-04-04 06:15:16:807 [HTTP] <-- POST /wd/hub/session/70c5f83b-d228-4af8-a5e6-f81718e75fe8/element/00000000-0000-0309-ffff-ffff000002ad/click 500 4496 ms - 4833
2022-04-04 06:15:16:807 [HTTP] 
2022-04-04 06:15:17:148 [HTTP] --> GET /wd/hub/session/70c5f83b-d228-4af8-a5e6-f81718e75fe8/context
2022-04-04 06:15:17:149 [HTTP] {}
2022-04-04 06:15:17:150 [W3C (70c5f83b)] Calling AppiumDriver.getCurrentContext() with args: ["70c5f83b-d228-4af8-a5e6-f81718e75fe8"]
2022-04-04 06:15:17:151 [W3C (70c5f83b)] Responding to client with driver.getCurrentContext() result: "NATIVE_APP"
2022-04-04 06:15:17:153 [HTTP] <-- GET /wd/hub/session/70c5f83b-d228-4af8-a5e6-f81718e75fe8/context 200 3 ms - 22
2022-04-04 06:15:17:154 [HTTP] 
2022-04-04 06:15:17:172 [HTTP] --> POST /wd/hub/session/70c5f83b-d228-4af8-a5e6-f81718e75fe8/element
2022-04-04 06:15:17:172 [HTTP] {"using":"xpath","value":"//*[@resource-id='com.teachmint.teachmint:id/zoom_touch_view']"}
2022-04-04 06:15:17:174 [W3C (70c5f83b)] Calling AppiumDriver.findElement() with args: ["xpath","//*[@resource-id='com.teachmint.teachmint:id/zoom_touch_view']","70c5f83b-d228-4af8-a5e6-f81718e75fe8"]
2022-04-04 06:15:17:174 [BaseDriver] Valid locator strategies for this request: xpath, id, class name, accessibility id, css selector, -android uiautomator
2022-04-04 06:15:17:175 [BaseDriver] Waiting up to 50000 ms for condition
2022-04-04 06:15:17:177 [WD Proxy] Matched '/element' to command name 'findElement'
2022-04-04 06:15:17:177 [WD Proxy] Proxying [POST /element] to [POST http://127.0.0.1:8204/wd/hub/session/284b2e5b-199d-42e9-b675-c8260aff2525/element] with body: {"strategy":"xpath","selector":"//*[@resource-id='com.teachmint.teachmint:id/zoom_touch_view']","context":"","multiple":false}
2022-04-04 06:15:17:496 [WD Proxy] Got response with status 200: {"sessionId":"284b2e5b-199d-42e9-b675-c8260aff2525","value":{"ELEMENT":"00000000-0000-0309-ffff-ffff000001df","element-6066-11e4-a52e-4f735466cecf":"00000000-0000-0309-ffff-ffff000001df"}}
2022-04-04 06:15:17:498 [W3C (70c5f83b)] Responding to client with driver.findElement() result: {"element-6066-11e4-a52e-4f735466cecf":"00000000-0000-0309-ffff-ffff000001df","ELEMENT":"00000000-0000-0309-ffff-ffff000001df"}
2022-04-04 06:15:17:499 [HTTP] <-- POST /wd/hub/session/70c5f83b-d228-4af8-a5e6-f81718e75fe8/element 200 327 ms - 137
2022-04-04 06:15:17:500 [HTTP] 
2022-04-04 06:15:17:558 [HTTP] --> POST /wd/hub/session/70c5f83b-d228-4af8-a5e6-f81718e75fe8/touch/perform
2022-04-04 06:15:17:559 [HTTP] {"actions":[{"action":"tap","options":{"element":"00000000-0000-0309-ffff-ffff000001df"}}]}
2022-04-04 06:15:17:569 [W3C (70c5f83b)] Calling AppiumDriver.performTouch() with args: [[{"action":"tap","options":{"element":"00000000-0000-0309-ffff-ffff000001df"}}],"70c5f83b-d228-4af8-a5e6-f81718e75fe8"]
2022-04-04 06:15:17:589 [UiAutomator2] calling get location: 00000000-0000-0309-ffff-ffff000001df
2022-04-04 06:15:17:592 [WD Proxy] Matched '/element/00000000-0000-0309-ffff-ffff000001df/location' to command name 'getLocation'
2022-04-04 06:15:17:592 [WD Proxy] Proxying [GET /element/00000000-0000-0309-ffff-ffff000001df/location] to [GET http://127.0.0.1:8204/wd/hub/session/284b2e5b-199d-42e9-b675-c8260aff2525/element/00000000-0000-0309-ffff-ffff000001df/location] with no body
2022-04-04 06:15:17:670 [WD Proxy] Got response with status 200: {"sessionId":"284b2e5b-199d-42e9-b675-c8260aff2525","value":{"x":0,"y":165}}
2022-04-04 06:15:17:673 [WD Proxy] Matched '/element/00000000-0000-0309-ffff-ffff000001df/size' to command name 'getSize'
2022-04-04 06:15:17:674 [WD Proxy] Proxying [GET /element/00000000-0000-0309-ffff-ffff000001df/size] to [GET http://127.0.0.1:8204/wd/hub/session/284b2e5b-199d-42e9-b675-c8260aff2525/element/00000000-0000-0309-ffff-ffff000001df/size] with no body
2022-04-04 06:15:17:715 [WD Proxy] Got response with status 200: {"sessionId":"284b2e5b-199d-42e9-b675-c8260aff2525","value":{"height":1620,"width":1080}}
2022-04-04 06:15:17:725 [WD Proxy] Proxying [POST /appium/tap] to [POST http://127.0.0.1:8204/wd/hub/session/284b2e5b-199d-42e9-b675-c8260aff2525/appium/tap] with body: {"x":540,"y":975,"undefined":null}
2022-04-04 06:15:18:048 [WD Proxy] Got response with status 200: {"sessionId":"284b2e5b-199d-42e9-b675-c8260aff2525","value":null}
2022-04-04 06:15:18:050 [W3C (70c5f83b)] Responding to client with driver.performTouch() result: null
2022-04-04 06:15:18:052 [HTTP] <-- POST /wd/hub/session/70c5f83b-d228-4af8-a5e6-f81718e75fe8/touch/perform 200 493 ms - 14
2022-04-04 06:15:18:052 [HTTP] 
2022-04-04 06:15:18:062 [HTTP] --> GET /wd/hub/session/70c5f83b-d228-4af8-a5e6-f81718e75fe8/context
2022-04-04 06:15:18:062 [HTTP] {}
2022-04-04 06:15:18:063 [W3C (70c5f83b)] Calling AppiumDriver.getCurrentContext() with args: ["70c5f83b-d228-4af8-a5e6-f81718e75fe8"]
2022-04-04 06:15:18:065 [W3C (70c5f83b)] Responding to client with driver.getCurrentContext() result: "NATIVE_APP"
2022-04-04 06:15:18:067 [HTTP] <-- GET /wd/hub/session/70c5f83b-d228-4af8-a5e6-f81718e75fe8/context 200 4 ms - 22
2022-04-04 06:15:18:068 [HTTP] 
2022-04-04 06:15:18:084 [HTTP] --> POST /wd/hub/session/70c5f83b-d228-4af8-a5e6-f81718e75fe8/element
2022-04-04 06:15:18:084 [HTTP] {"using":"xpath","value":"//*[@resource-id='com.teachmint.teachmint:id/options_menu' or @text='More']"}
2022-04-04 06:15:18:087 [W3C (70c5f83b)] Calling AppiumDriver.findElement() with args: ["xpath","//*[@resource-id='com.teachmint.teachmint:id/options_menu' or @text='More']","70c5f83b-d228-4af8-a5e6-f81718e75fe8"]
2022-04-04 06:15:18:088 [BaseDriver] Valid locator strategies for this request: xpath, id, class name, accessibility id, css selector, -android uiautomator
2022-04-04 06:15:18:088 [BaseDriver] Waiting up to 50000 ms for condition
2022-04-04 06:15:18:090 [WD Proxy] Matched '/element' to command name 'findElement'
2022-04-04 06:15:18:090 [WD Proxy] Proxying [POST /element] to [POST http://127.0.0.1:8204/wd/hub/session/284b2e5b-199d-42e9-b675-c8260aff2525/element] with body: {"strategy":"xpath","selector":"//*[@resource-id='com.teachmint.teachmint:id/options_menu' or @text='More']","context":"","multiple":false}
2022-04-04 06:15:19:033 [WD Proxy] Got response with status 404: {"sessionId":"284b2e5b-199d-42e9-b675-c8260aff2525","value":{"error":"no such element","message":"An element could not be located on the page using the given search parameters","stacktrace":"io.appium.uiautomator2.common.exceptions.ElementNotFoundException: An element could not be located on the page using the given search parameters\n\tat io.appium.uiautomator2.handler.FindElement.findElement(FindElement.java:90)\n\tat io.appium.uiautomator2.handler.FindElement.safeHandle(FindElement.java:67)\n\tat io.appium.uiautomator2.handler.request.SafeRequestHandler.handle(SafeRequestHandler.java:59)\n\tat io.appium.uiautomator2.server.AppiumServlet.handleRequest(AppiumServlet.java:266)\n\tat io.appium.uiautomator2.server.AppiumServlet.handleHttpRequest(AppiumServlet.java:260)\n\tat io.appium.uiautomator2.http.ServerHandler.channelRead(ServerHandler.java:68)\n\tat io.netty.channel.AbstractChannelHandlerContext.invokeChannelRead(AbstractChannelHandlerContext.java:366)\n\tat io.netty.channel.AbstractChannelHandlerCont...
2022-04-04 06:15:19:034 [W3C] Matched W3C error code 'no such element' to NoSuchElementError
2022-04-04 06:15:19:035 [BaseDriver] Waited for 947 ms so far
2022-04-04 06:15:19:542 [WD Proxy] Matched '/element' to command name 'findElement'
2022-04-04 06:15:19:543 [WD Proxy] Proxying [POST /element] to [POST http://127.0.0.1:8204/wd/hub/session/284b2e5b-199d-42e9-b675-c8260aff2525/element] with body: {"strategy":"xpath","selector":"//*[@resource-id='com.teachmint.teachmint:id/options_menu' or @text='More']","context":"","multiple":false}
2022-04-04 06:15:19:682 [WD Proxy] Got response with status 404: {"sessionId":"284b2e5b-199d-42e9-b675-c8260aff2525","value":{"error":"no such element","message":"An element could not be located on the page using the given search parameters","stacktrace":"io.appium.uiautomator2.common.exceptions.ElementNotFoundException: An element could not be located on the page using the given search parameters\n\tat io.appium.uiautomator2.handler.FindElement.findElement(FindElement.java:90)\n\tat io.appium.uiautomator2.handler.FindElement.safeHandle(FindElement.java:67)\n\tat io.appium.uiautomator2.handler.request.SafeRequestHandler.handle(SafeRequestHandler.java:59)\n\tat io.appium.uiautomator2.server.AppiumServlet.handleRequest(AppiumServlet.java:266)\n\tat io.appium.uiautomator2.server.AppiumServlet.handleHttpRequest(AppiumServlet.java:260)\n\tat io.appium.uiautomator2.http.ServerHandler.channelRead(ServerHandler.java:68)\n\tat io.netty.channel.AbstractChannelHandlerContext.invokeChannelRead(AbstractChannelHandlerContext.java:366)\n\tat io.netty.channel.AbstractChannelHandlerCont...
2022-04-04 06:15:19:684 [W3C] Matched W3C error code 'no such element' to NoSuchElementError
2022-04-04 06:15:19:686 [BaseDriver] Waited for 1597 ms so far
2022-04-04 06:15:20:190 [WD Proxy] Matched '/element' to command name 'findElement'
2022-04-04 06:15:20:191 [WD Proxy] Proxying [POST /element] to [POST http://127.0.0.1:8204/wd/hub/session/284b2e5b-199d-42e9-b675-c8260aff2525/element] with body: {"strategy":"xpath","selector":"//*[@resource-id='com.teachmint.teachmint:id/options_menu' or @text='More']","context":"","multiple":false}
2022-04-04 06:15:20:915 [WD Proxy] Got response with status 404: {"sessionId":"284b2e5b-199d-42e9-b675-c8260aff2525","value":{"error":"no such element","message":"An element could not be located on the page using the given search parameters","stacktrace":"io.appium.uiautomator2.common.exceptions.ElementNotFoundException: An element could not be located on the page using the given search parameters\n\tat io.appium.uiautomator2.handler.FindElement.findElement(FindElement.java:90)\n\tat io.appium.uiautomator2.handler.FindElement.safeHandle(FindElement.java:67)\n\tat io.appium.uiautomator2.handler.request.SafeRequestHandler.handle(SafeRequestHandler.java:59)\n\tat io.appium.uiautomator2.server.AppiumServlet.handleRequest(AppiumServlet.java:266)\n\tat io.appium.uiautomator2.server.AppiumServlet.handleHttpRequest(AppiumServlet.java:260)\n\tat io.appium.uiautomator2.http.ServerHandler.channelRead(ServerHandler.java:68)\n\tat io.netty.channel.AbstractChannelHandlerContext.invokeChannelRead(AbstractChannelHandlerContext.java:366)\n\tat io.netty.channel.AbstractChannelHandlerCont...
2022-04-04 06:15:20:916 [W3C] Matched W3C error code 'no such element' to NoSuchElementError
2022-04-04 06:15:20:918 [BaseDriver] Waited for 2829 ms so far
2022-04-04 06:15:21:429 [WD Proxy] Matched '/element' to command name 'findElement'
2022-04-04 06:15:21:435 [WD Proxy] Proxying [POST /element] to [POST http://127.0.0.1:8204/wd/hub/session/284b2e5b-199d-42e9-b675-c8260aff2525/element] with body: {"strategy":"xpath","selector":"//*[@resource-id='com.teachmint.teachmint:id/options_menu' or @text='More']","context":"","multiple":false}
2022-04-04 06:15:22:213 [WD Proxy] Got response with status 200: {"sessionId":"284b2e5b-199d-42e9-b675-c8260aff2525","value":{"ELEMENT":"00000000-0000-0309-ffff-ffff000002ad","element-6066-11e4-a52e-4f735466cecf":"00000000-0000-0309-ffff-ffff000002ad"}}
2022-04-04 06:15:22:214 [W3C (70c5f83b)] Responding to client with driver.findElement() result: {"element-6066-11e4-a52e-4f735466cecf":"00000000-0000-0309-ffff-ffff000002ad","ELEMENT":"00000000-0000-0309-ffff-ffff000002ad"}
2022-04-04 06:15:22:217 [HTTP] <-- POST /wd/hub/session/70c5f83b-d228-4af8-a5e6-f81718e75fe8/element 200 4132 ms - 137
2022-04-04 06:15:22:217 [HTTP] 
2022-04-04 06:15:22:227 [HTTP] --> GET /wd/hub/session/70c5f83b-d228-4af8-a5e6-f81718e75fe8/element/00000000-0000-0309-ffff-ffff000002ad/displayed
2022-04-04 06:15:22:227 [HTTP] {}
2022-04-04 06:15:22:229 [W3C (70c5f83b)] Calling AppiumDriver.elementDisplayed() with args: ["00000000-0000-0309-ffff-ffff000002ad","70c5f83b-d228-4af8-a5e6-f81718e75fe8"]
2022-04-04 06:15:22:230 [WD Proxy] Matched '/element/00000000-0000-0309-ffff-ffff000002ad/attribute/displayed' to command name 'getAttribute'
2022-04-04 06:15:22:231 [WD Proxy] Proxying [GET /element/00000000-0000-0309-ffff-ffff000002ad/attribute/displayed] to [GET http://127.0.0.1:8204/wd/hub/session/284b2e5b-199d-42e9-b675-c8260aff2525/element/00000000-0000-0309-ffff-ffff000002ad/attribute/displayed] with no body
2022-04-04 06:15:22:330 [WD Proxy] Got response with status 200: {"sessionId":"284b2e5b-199d-42e9-b675-c8260aff2525","value":"true"}
2022-04-04 06:15:22:331 [W3C (70c5f83b)] Responding to client with driver.elementDisplayed() result: true
2022-04-04 06:15:22:334 [HTTP] <-- GET /wd/hub/session/70c5f83b-d228-4af8-a5e6-f81718e75fe8/element/00000000-0000-0309-ffff-ffff000002ad/displayed 200 107 ms - 14
2022-04-04 06:15:22:335 [HTTP] 
2022-04-04 06:15:22:341 [HTTP] --> GET /wd/hub/session/70c5f83b-d228-4af8-a5e6-f81718e75fe8/context
2022-04-04 06:15:22:342 [HTTP] {}
2022-04-04 06:15:22:343 [W3C (70c5f83b)] Calling AppiumDriver.getCurrentContext() with args: ["70c5f83b-d228-4af8-a5e6-f81718e75fe8"]
2022-04-04 06:15:22:344 [W3C (70c5f83b)] Responding to client with driver.getCurrentContext() result: "NATIVE_APP"
2022-04-04 06:15:22:345 [HTTP] <-- GET /wd/hub/session/70c5f83b-d228-4af8-a5e6-f81718e75fe8/context 200 3 ms - 22
2022-04-04 06:15:22:346 [HTTP] 
2022-04-04 06:15:22:355 [HTTP] --> POST /wd/hub/session/70c5f83b-d228-4af8-a5e6-f81718e75fe8/element
2022-04-04 06:15:22:356 [HTTP] {"using":"xpath","value":"//*[@resource-id='com.teachmint.teachmint:id/options_menu' or @text='More']"}
2022-04-04 06:15:22:357 [W3C (70c5f83b)] Calling AppiumDriver.findElement() with args: ["xpath","//*[@resource-id='com.teachmint.teachmint:id/options_menu' or @text='More']","70c5f83b-d228-4af8-a5e6-f81718e75fe8"]
2022-04-04 06:15:22:358 [BaseDriver] Valid locator strategies for this request: xpath, id, class name, accessibility id, css selector, -android uiautomator
2022-04-04 06:15:22:358 [BaseDriver] Waiting up to 50000 ms for condition
2022-04-04 06:15:22:359 [WD Proxy] Matched '/element' to command name 'findElement'
2022-04-04 06:15:22:360 [WD Proxy] Proxying [POST /element] to [POST http://127.0.0.1:8204/wd/hub/session/284b2e5b-199d-42e9-b675-c8260aff2525/element] with body: {"strategy":"xpath","selector":"//*[@resource-id='com.teachmint.teachmint:id/options_menu' or @text='More']","context":"","multiple":false}
2022-04-04 06:15:22:942 [WD Proxy] Got response with status 200: {"sessionId":"284b2e5b-199d-42e9-b675-c8260aff2525","value":{"ELEMENT":"00000000-0000-0309-ffff-ffff000002ad","element-6066-11e4-a52e-4f735466cecf":"00000000-0000-0309-ffff-ffff000002ad"}}
2022-04-04 06:15:22:943 [W3C (70c5f83b)] Responding to client with driver.findElement() result: {"element-6066-11e4-a52e-4f735466cecf":"00000000-0000-0309-ffff-ffff000002ad","ELEMENT":"00000000-0000-0309-ffff-ffff000002ad"}
2022-04-04 06:15:22:945 [HTTP] <-- POST /wd/hub/session/70c5f83b-d228-4af8-a5e6-f81718e75fe8/element 200 589 ms - 137
2022-04-04 06:15:22:945 [HTTP] 
2022-04-04 06:15:22:971 [HTTP] --> POST /wd/hub/session/70c5f83b-d228-4af8-a5e6-f81718e75fe8/element/00000000-0000-0309-ffff-ffff000002ad/click
2022-04-04 06:15:22:972 [HTTP] {"id":"00000000-0000-0309-ffff-ffff000002ad"}
2022-04-04 06:15:22:973 [W3C (70c5f83b)] Calling AppiumDriver.click() with args: ["00000000-0000-0309-ffff-ffff000002ad","70c5f83b-d228-4af8-a5e6-f81718e75fe8"]
2022-04-04 06:15:22:975 [WD Proxy] Matched '/element/00000000-0000-0309-ffff-ffff000002ad/click' to command name 'click'
2022-04-04 06:15:22:975 [WD Proxy] Proxying [POST /element/00000000-0000-0309-ffff-ffff000002ad/click] to [POST http://127.0.0.1:8204/wd/hub/session/284b2e5b-199d-42e9-b675-c8260aff2525/element/00000000-0000-0309-ffff-ffff000002ad/click] with body: {"element":"00000000-0000-0309-ffff-ffff000002ad"}
2022-04-04 06:15:23:181 [WD Proxy] Got response with status 200: {"sessionId":"284b2e5b-199d-42e9-b675-c8260aff2525","value":null}
2022-04-04 06:15:23:182 [W3C (70c5f83b)] Responding to client with driver.click() result: null
2022-04-04 06:15:23:184 [HTTP] <-- POST /wd/hub/session/70c5f83b-d228-4af8-a5e6-f81718e75fe8/element/00000000-0000-0309-ffff-ffff000002ad/click 200 212 ms - 14
2022-04-04 06:15:23:184 [HTTP] 
2022-04-04 06:15:23:197 [HTTP] --> GET /wd/hub/session/70c5f83b-d228-4af8-a5e6-f81718e75fe8/context
2022-04-04 06:15:23:198 [HTTP] {}
2022-04-04 06:15:23:199 [W3C (70c5f83b)] Calling AppiumDriver.getCurrentContext() with args: ["70c5f83b-d228-4af8-a5e6-f81718e75fe8"]
2022-04-04 06:15:23:200 [W3C (70c5f83b)] Responding to client with driver.getCurrentContext() result: "NATIVE_APP"
2022-04-04 06:15:23:202 [HTTP] <-- GET /wd/hub/session/70c5f83b-d228-4af8-a5e6-f81718e75fe8/context 200 3 ms - 22
2022-04-04 06:15:23:202 [HTTP] 
2022-04-04 06:15:23:220 [HTTP] --> POST /wd/hub/session/70c5f83b-d228-4af8-a5e6-f81718e75fe8/element
2022-04-04 06:15:23:221 [HTTP] {"using":"xpath","value":"//*[@text='Student Controls' or @resource-id='com.teachmint.teachmint:id/student_control_button']"}
2022-04-04 06:15:23:222 [W3C (70c5f83b)] Calling AppiumDriver.findElement() with args: ["xpath","//*[@text='Student Controls' or @resource-id='com.teachmint.teachmint:id/student_control_button']","70c5f83b-d228-4af8-a5e6-f81718e75fe8"]
2022-04-04 06:15:23:222 [BaseDriver] Valid locator strategies for this request: xpath, id, class name, accessibility id, css selector, -android uiautomator
2022-04-04 06:15:23:223 [BaseDriver] Waiting up to 50000 ms for condition
2022-04-04 06:15:23:224 [WD Proxy] Matched '/element' to command name 'findElement'
2022-04-04 06:15:23:224 [WD Proxy] Proxying [POST /element] to [POST http://127.0.0.1:8204/wd/hub/session/284b2e5b-199d-42e9-b675-c8260aff2525/element] with body: {"strategy":"xpath","selector":"//*[@text='Student Controls' or @resource-id='com.teachmint.teachmint:id/student_control_button']","context":"","multiple":false}
2022-04-04 06:15:25:623 [WD Proxy] Got response with status 404: {"sessionId":"284b2e5b-199d-42e9-b675-c8260aff2525","value":{"error":"no such element","message":"An element could not be located on the page using the given search parameters","stacktrace":"io.appium.uiautomator2.common.exceptions.ElementNotFoundException: An element could not be located on the page using the given search parameters\n\tat io.appium.uiautomator2.handler.FindElement.findElement(FindElement.java:90)\n\tat io.appium.uiautomator2.handler.FindElement.safeHandle(FindElement.java:67)\n\tat io.appium.uiautomator2.handler.request.SafeRequestHandler.handle(SafeRequestHandler.java:59)\n\tat io.appium.uiautomator2.server.AppiumServlet.handleRequest(AppiumServlet.java:266)\n\tat io.appium.uiautomator2.server.AppiumServlet.handleHttpRequest(AppiumServlet.java:260)\n\tat io.appium.uiautomator2.http.ServerHandler.channelRead(ServerHandler.java:68)\n\tat io.netty.channel.AbstractChannelHandlerContext.invokeChannelRead(AbstractChannelHandlerContext.java:366)\n\tat io.netty.channel.AbstractChannelHandlerCont...
2022-04-04 06:15:25:624 [W3C] Matched W3C error code 'no such element' to NoSuchElementError
2022-04-04 06:15:25:627 [BaseDriver] Waited for 2402 ms so far
2022-04-04 06:15:26:129 [WD Proxy] Matched '/element' to command name 'findElement'
2022-04-04 06:15:26:130 [WD Proxy] Proxying [POST /element] to [POST http://127.0.0.1:8204/wd/hub/session/284b2e5b-199d-42e9-b675-c8260aff2525/element] with body: {"strategy":"xpath","selector":"//*[@text='Student Controls' or @resource-id='com.teachmint.teachmint:id/student_control_button']","context":"","multiple":false}
2022-04-04 06:15:27:018 [WD Proxy] Got response with status 200: {"sessionId":"284b2e5b-199d-42e9-b675-c8260aff2525","value":{"ELEMENT":"00000000-0000-030a-ffff-ffff000002cd","element-6066-11e4-a52e-4f735466cecf":"00000000-0000-030a-ffff-ffff000002cd"}}
2022-04-04 06:15:27:019 [W3C (70c5f83b)] Responding to client with driver.findElement() result: {"element-6066-11e4-a52e-4f735466cecf":"00000000-0000-030a-ffff-ffff000002cd","ELEMENT":"00000000-0000-030a-ffff-ffff000002cd"}
2022-04-04 06:15:27:020 [HTTP] <-- POST /wd/hub/session/70c5f83b-d228-4af8-a5e6-f81718e75fe8/element 200 3800 ms - 137
2022-04-04 06:15:27:021 [HTTP] 
2022-04-04 06:15:27:048 [HTTP] --> POST /wd/hub/session/70c5f83b-d228-4af8-a5e6-f81718e75fe8/element/00000000-0000-030a-ffff-ffff000002cd/click
2022-04-04 06:15:27:048 [HTTP] {"id":"00000000-0000-030a-ffff-ffff000002cd"}
2022-04-04 06:15:27:050 [W3C (70c5f83b)] Calling AppiumDriver.click() with args: ["00000000-0000-030a-ffff-ffff000002cd","70c5f83b-d228-4af8-a5e6-f81718e75fe8"]
2022-04-04 06:15:27:051 [WD Proxy] Matched '/element/00000000-0000-030a-ffff-ffff000002cd/click' to command name 'click'
2022-04-04 06:15:27:052 [WD Proxy] Proxying [POST /element/00000000-0000-030a-ffff-ffff000002cd/click] to [POST http://127.0.0.1:8204/wd/hub/session/284b2e5b-199d-42e9-b675-c8260aff2525/element/00000000-0000-030a-ffff-ffff000002cd/click] with body: {"element":"00000000-0000-030a-ffff-ffff000002cd"}
2022-04-04 06:15:27:191 [WD Proxy] Got response with status 200: {"sessionId":"284b2e5b-199d-42e9-b675-c8260aff2525","value":null}
2022-04-04 06:15:27:192 [W3C (70c5f83b)] Responding to client with driver.click() result: null
2022-04-04 06:15:27:195 [HTTP] <-- POST /wd/hub/session/70c5f83b-d228-4af8-a5e6-f81718e75fe8/element/00000000-0000-030a-ffff-ffff000002cd/click 200 145 ms - 14
2022-04-04 06:15:27:195 [HTTP] 
2022-04-04 06:15:27:207 [HTTP] --> GET /wd/hub/session/70c5f83b-d228-4af8-a5e6-f81718e75fe8/context
2022-04-04 06:15:27:207 [HTTP] {}
2022-04-04 06:15:27:208 [W3C (70c5f83b)] Calling AppiumDriver.getCurrentContext() with args: ["70c5f83b-d228-4af8-a5e6-f81718e75fe8"]
2022-04-04 06:15:27:209 [W3C (70c5f83b)] Responding to client with driver.getCurrentContext() result: "NATIVE_APP"
2022-04-04 06:15:27:211 [HTTP] <-- GET /wd/hub/session/70c5f83b-d228-4af8-a5e6-f81718e75fe8/context 200 3 ms - 22
2022-04-04 06:15:27:212 [HTTP] 
2022-04-04 06:15:27:241 [HTTP] --> POST /wd/hub/session/70c5f83b-d228-4af8-a5e6-f81718e75fe8/element
2022-04-04 06:15:27:241 [HTTP] {"using":"id","value":"com.teachmint.teachmint:id/student_chat_switch"}
2022-04-04 06:15:27:243 [W3C (70c5f83b)] Calling AppiumDriver.findElement() with args: ["id","com.teachmint.teachmint:id/student_chat_switch","70c5f83b-d228-4af8-a5e6-f81718e75fe8"]
2022-04-04 06:15:27:244 [BaseDriver] Valid locator strategies for this request: xpath, id, class name, accessibility id, css selector, -android uiautomator
2022-04-04 06:15:27:244 [BaseDriver] Waiting up to 50000 ms for condition
2022-04-04 06:15:27:245 [WD Proxy] Matched '/element' to command name 'findElement'
2022-04-04 06:15:27:245 [WD Proxy] Proxying [POST /element] to [POST http://127.0.0.1:8204/wd/hub/session/284b2e5b-199d-42e9-b675-c8260aff2525/element] with body: {"strategy":"id","selector":"com.teachmint.teachmint:id/student_chat_switch","context":"","multiple":false}
2022-04-04 06:15:29:059 [WD Proxy] Got response with status 200: {"sessionId":"284b2e5b-199d-42e9-b675-c8260aff2525","value":{"ELEMENT":"00000000-0000-030b-ffff-ffff000002eb","element-6066-11e4-a52e-4f735466cecf":"00000000-0000-030b-ffff-ffff000002eb"}}
2022-04-04 06:15:29:061 [W3C (70c5f83b)] Responding to client with driver.findElement() result: {"element-6066-11e4-a52e-4f735466cecf":"00000000-0000-030b-ffff-ffff000002eb","ELEMENT":"00000000-0000-030b-ffff-ffff000002eb"}
2022-04-04 06:15:29:064 [HTTP] <-- POST /wd/hub/session/70c5f83b-d228-4af8-a5e6-f81718e75fe8/element 200 1822 ms - 137
2022-04-04 06:15:29:065 [HTTP] 
2022-04-04 06:15:29:082 [HTTP] --> POST /wd/hub/session/70c5f83b-d228-4af8-a5e6-f81718e75fe8/element/00000000-0000-030b-ffff-ffff000002eb/click
2022-04-04 06:15:29:082 [HTTP] {"id":"00000000-0000-030b-ffff-ffff000002eb"}
2022-04-04 06:15:29:083 [W3C (70c5f83b)] Calling AppiumDriver.click() with args: ["00000000-0000-030b-ffff-ffff000002eb","70c5f83b-d228-4af8-a5e6-f81718e75fe8"]
2022-04-04 06:15:29:084 [WD Proxy] Matched '/element/00000000-0000-030b-ffff-ffff000002eb/click' to command name 'click'
2022-04-04 06:15:29:085 [WD Proxy] Proxying [POST /element/00000000-0000-030b-ffff-ffff000002eb/click] to [POST http://127.0.0.1:8204/wd/hub/session/284b2e5b-199d-42e9-b675-c8260aff2525/element/00000000-0000-030b-ffff-ffff000002eb/click] with body: {"element":"00000000-0000-030b-ffff-ffff000002eb"}
2022-04-04 06:15:29:467 [WD Proxy] Got response with status 200: {"sessionId":"284b2e5b-199d-42e9-b675-c8260aff2525","value":null}
2022-04-04 06:15:29:468 [W3C (70c5f83b)] Responding to client with driver.click() result: null
2022-04-04 06:15:29:470 [HTTP] <-- POST /wd/hub/session/70c5f83b-d228-4af8-a5e6-f81718e75fe8/element/00000000-0000-030b-ffff-ffff000002eb/click 200 388 ms - 14
2022-04-04 06:15:29:471 [HTTP] 
2022-04-04 06:15:29:608 [HTTP] --> POST /wd/hub/session/70c5f83b-d228-4af8-a5e6-f81718e75fe8/appium/app/close
2022-04-04 06:15:29:609 [HTTP] {}
2022-04-04 06:15:29:623 [W3C (70c5f83b)] Calling AppiumDriver.closeApp() with args: ["70c5f83b-d228-4af8-a5e6-f81718e75fe8"]
2022-04-04 06:15:29:633 [ADB] Running 'C:\Users\User\AppData\Local\Android\Sdk\platform-tools\adb.exe -P 5037 -s emulator-5554 shell am force-stop com.teachmint.teachmint'
2022-04-04 06:15:33:455 [W3C (70c5f83b)] Responding to client with driver.closeApp() result: null
2022-04-04 06:15:33:458 [HTTP] <-- POST /wd/hub/session/70c5f83b-d228-4af8-a5e6-f81718e75fe8/appium/app/close 200 3849 ms - 14
2022-04-04 06:15:33:458 [HTTP] 
